<?xml version="1.0" encoding="UTF-8"?>
<testsuite xmlns:xsi="http://www.w3.org/2001/XMLSchema-instance" xsi:noNamespaceSchemaLocation="https://maven.apache.org/surefire/maven-failsafe-plugin/xsd/failsafe-test-report-3.0.xsd" version="3.0" name="Crear y Buscar Pedidos de PetStore" time="10.322" tests="12" errors="0" skipped="0" failures="0">
  <properties>
    <property name="sun.desktop" value="windows"/>
    <property name="awt.toolkit" value="sun.awt.windows.WToolkit"/>
    <property name="file.encoding.pkg" value="sun.io"/>
    <property name="java.specification.version" value="1.8"/>
    <property name="sun.cpu.isalist" value="amd64"/>
    <property name="sun.jnu.encoding" value="Cp1252"/>
    <property name="java.class.path" value="C:\Users\Sonia Gabriela\Desktop\AutomationAPI\AutomatizacionAPI\target\test-classes;C:\Users\Sonia Gabriela\Desktop\AutomationAPI\AutomatizacionAPI\target\api-test-qa-lab-1.0-SNAPSHOT.jar;C:\Users\Sonia Gabriela\.m2\repository\ch\qos\logback\logback-classic\1.2.3\logback-classic-1.2.3.jar;C:\Users\Sonia Gabriela\.m2\repository\ch\qos\logback\logback-core\1.2.3\logback-core-1.2.3.jar;C:\Users\Sonia Gabriela\.m2\repository\org\slf4j\slf4j-api\1.7.25\slf4j-api-1.7.25.jar;C:\Users\Sonia Gabriela\.m2\repository\net\serenity-bdd\serenity-core\2.4.51\serenity-core-2.4.51.jar;C:\Users\Sonia Gabriela\.m2\repository\net\serenity-bdd\serenity-model\2.4.51\serenity-model-2.4.51.jar;C:\Users\Sonia Gabriela\.m2\repository\org\apache\commons\commons-text\1.9\commons-text-1.9.jar;C:\Users\Sonia Gabriela\.m2\repository\commons-net\commons-net\3.6\commons-net-3.6.jar;C:\Users\Sonia Gabriela\.m2\repository\com\google\guava\guava\30.1-jre\guava-30.1-jre.jar;C:\Users\Sonia Gabriela\.m2\repository\com\google\guava\failureaccess\1.0.1\failureaccess-1.0.1.jar;C:\Users\Sonia Gabriela\.m2\repository\com\google\guava\listenablefuture\9999.0-empty-to-avoid-conflict-with-guava\listenablefuture-9999.0-empty-to-avoid-conflict-with-guava.jar;C:\Users\Sonia Gabriela\.m2\repository\com\google\code\findbugs\jsr305\3.0.2\jsr305-3.0.2.jar;C:\Users\Sonia Gabriela\.m2\repository\org\checkerframework\checker-qual\3.5.0\checker-qual-3.5.0.jar;C:\Users\Sonia Gabriela\.m2\repository\com\google\errorprone\error_prone_annotations\2.3.4\error_prone_annotations-2.3.4.jar;C:\Users\Sonia Gabriela\.m2\repository\com\google\j2objc\j2objc-annotations\1.3\j2objc-annotations-1.3.jar;C:\Users\Sonia Gabriela\.m2\repository\com\google\inject\guice\5.0.1\guice-5.0.1.jar;C:\Users\Sonia Gabriela\.m2\repository\javax\inject\javax.inject\1\javax.inject-1.jar;C:\Users\Sonia Gabriela\.m2\repository\aopalliance\aopalliance\1.0\aopalliance-1.0.jar;C:\Users\Sonia Gabriela\.m2\repository\org\jsoup\jsoup\1.13.1\jsoup-1.13.1.jar;C:\Users\Sonia Gabriela\.m2\repository\com\thoughtworks\xstream\xstream\1.4.17\xstream-1.4.17.jar;C:\Users\Sonia Gabriela\.m2\repository\io\github\x-stream\mxparser\1.2.1\mxparser-1.2.1.jar;C:\Users\Sonia Gabriela\.m2\repository\xmlpull\xmlpull\1.1.3.1\xmlpull-1.1.3.1.jar;C:\Users\Sonia Gabriela\.m2\repository\io\cucumber\cucumber-core\6.10.2\cucumber-core-6.10.2.jar;C:\Users\Sonia Gabriela\.m2\repository\io\cucumber\cucumber-gherkin\6.10.2\cucumber-gherkin-6.10.2.jar;C:\Users\Sonia Gabriela\.m2\repository\io\cucumber\cucumber-gherkin-messages\6.10.2\cucumber-gherkin-messages-6.10.2.jar;C:\Users\Sonia Gabriela\.m2\repository\io\cucumber\messages\14.0.1\messages-14.0.1.jar;C:\Users\Sonia Gabriela\.m2\repository\io\cucumber\tag-expressions\3.0.0\tag-expressions-3.0.0.jar;C:\Users\Sonia Gabriela\.m2\repository\io\cucumber\cucumber-expressions\10.3.0\cucumber-expressions-10.3.0.jar;C:\Users\Sonia Gabriela\.m2\repository\io\cucumber\cucumber-plugin\6.10.2\cucumber-plugin-6.10.2.jar;C:\Users\Sonia Gabriela\.m2\repository\io\cucumber\docstring\6.10.2\docstring-6.10.2.jar;C:\Users\Sonia Gabriela\.m2\repository\io\cucumber\html-formatter\12.0.0\html-formatter-12.0.0.jar;C:\Users\Sonia Gabriela\.m2\repository\io\cucumber\create-meta\3.0.0\create-meta-3.0.0.jar;C:\Users\Sonia Gabriela\.m2\repository\com\typesafe\config\1.3.1\config-1.3.1.jar;C:\Users\Sonia Gabriela\.m2\repository\org\imgscalr\imgscalr-lib\4.2\imgscalr-lib-4.2.jar;C:\Users\Sonia Gabriela\.m2\repository\org\awaitility\awaitility\4.0.3\awaitility-4.0.3.jar;C:\Users\Sonia Gabriela\.m2\repository\org\freemarker\freemarker\2.3.29\freemarker-2.3.29.jar;C:\Users\Sonia Gabriela\.m2\repository\net\sourceforge\jexcelapi\jxl\2.6.12\jxl-2.6.12.jar;C:\Users\Sonia Gabriela\.m2\repository\org\asciidoctor\asciidoctorj\2.5.1\asciidoctorj-2.5.1.jar;C:\Users\Sonia Gabriela\.m2\repository\org\asciidoctor\asciidoctorj-api\2.5.1\asciidoctorj-api-2.5.1.jar;C:\Users\Sonia Gabriela\.m2\repository\org\jruby\jruby\9.2.17.0\jruby-9.2.17.0.jar;C:\Users\Sonia Gabriela\.m2\repository\org\jruby\jruby-core\9.2.17.0\jruby-core-9.2.17.0.jar;C:\Users\Sonia Gabriela\.m2\repository\com\github\jnr\jnr-netdb\1.2.0\jnr-netdb-1.2.0.jar;C:\Users\Sonia Gabriela\.m2\repository\com\github\jnr\jnr-enxio\0.32.3\jnr-enxio-0.32.3.jar;C:\Users\Sonia Gabriela\.m2\repository\com\github\jnr\jnr-unixsocket\0.38.5\jnr-unixsocket-0.38.5.jar;C:\Users\Sonia Gabriela\.m2\repository\com\github\jnr\jnr-posix\3.1.4\jnr-posix-3.1.4.jar;C:\Users\Sonia Gabriela\.m2\repository\com\github\jnr\jnr-constants\0.10.1\jnr-constants-0.10.1.jar;C:\Users\Sonia Gabriela\.m2\repository\com\github\jnr\jffi\1.3.1\jffi-1.3.1.jar;C:\Users\Sonia Gabriela\.m2\repository\com\github\jnr\jffi\1.3.1\jffi-1.3.1-native.jar;C:\Users\Sonia Gabriela\.m2\repository\org\jruby\joni\joni\2.1.31\joni-2.1.31.jar;C:\Users\Sonia Gabriela\.m2\repository\org\jruby\jcodings\jcodings\1.0.46\jcodings-1.0.46.jar;C:\Users\Sonia Gabriela\.m2\repository\org\jruby\dirgra\0.3\dirgra-0.3.jar;C:\Users\Sonia Gabriela\.m2\repository\com\headius\invokebinder\1.11\invokebinder-1.11.jar;C:\Users\Sonia Gabriela\.m2\repository\com\headius\options\1.4\options-1.4.jar;C:\Users\Sonia Gabriela\.m2\repository\com\jcraft\jzlib\1.1.3\jzlib-1.1.3.jar;C:\Users\Sonia Gabriela\.m2\repository\com\martiansoftware\nailgun-server\0.9.1\nailgun-server-0.9.1.jar;C:\Users\Sonia Gabriela\.m2\repository\com\headius\backport9\1.8\backport9-1.8.jar;C:\Users\Sonia Gabriela\.m2\repository\javax\annotation\javax.annotation-api\1.3.1\javax.annotation-api-1.3.1.jar;C:\Users\Sonia Gabriela\.m2\repository\org\jruby\jruby-stdlib\9.2.17.0\jruby-stdlib-9.2.17.0.jar;C:\Users\Sonia Gabriela\.m2\repository\net\bytebuddy\byte-buddy\1.11.1\byte-buddy-1.11.1.jar;C:\Users\Sonia Gabriela\.m2\repository\net\bytebuddy\byte-buddy-agent\1.11.1\byte-buddy-agent-1.11.1.jar;C:\Users\Sonia Gabriela\.m2\repository\org\objenesis\objenesis\3.1\objenesis-3.1.jar;C:\Users\Sonia Gabriela\.m2\repository\net\serenity-bdd\serenity-reports\2.4.51\serenity-reports-2.4.51.jar;C:\Users\Sonia Gabriela\.m2\repository\net\serenity-bdd\serenity-stats\2.4.51\serenity-stats-2.4.51.jar;C:\Users\Sonia Gabriela\.m2\repository\org\jetbrains\kotlin\kotlin-stdlib\1.5.0\kotlin-stdlib-1.5.0.jar;C:\Users\Sonia Gabriela\.m2\repository\org\jetbrains\annotations\13.0\annotations-13.0.jar;C:\Users\Sonia Gabriela\.m2\repository\org\jetbrains\kotlin\kotlin-stdlib-common\1.5.0\kotlin-stdlib-common-1.5.0.jar;C:\Users\Sonia Gabriela\.m2\repository\net\serenity-bdd\serenity-reports-configuration\2.4.51\serenity-reports-configuration-2.4.51.jar;C:\Users\Sonia Gabriela\.m2\repository\com\vladsch\flexmark\flexmark-all\0.34.30\flexmark-all-0.34.30.jar;C:\Users\Sonia Gabriela\.m2\repository\com\vladsch\flexmark\flexmark\0.34.30\flexmark-0.34.30.jar;C:\Users\Sonia Gabriela\.m2\repository\com\vladsch\flexmark\flexmark-ext-abbreviation\0.34.30\flexmark-ext-abbreviation-0.34.30.jar;C:\Users\Sonia Gabriela\.m2\repository\com\vladsch\flexmark\flexmark-ext-admonition\0.34.30\flexmark-ext-admonition-0.34.30.jar;C:\Users\Sonia Gabriela\.m2\repository\com\vladsch\flexmark\flexmark-ext-anchorlink\0.34.30\flexmark-ext-anchorlink-0.34.30.jar;C:\Users\Sonia Gabriela\.m2\repository\com\vladsch\flexmark\flexmark-ext-aside\0.34.30\flexmark-ext-aside-0.34.30.jar;C:\Users\Sonia Gabriela\.m2\repository\com\vladsch\flexmark\flexmark-ext-attributes\0.34.30\flexmark-ext-attributes-0.34.30.jar;C:\Users\Sonia Gabriela\.m2\repository\com\vladsch\flexmark\flexmark-ext-autolink\0.34.30\flexmark-ext-autolink-0.34.30.jar;C:\Users\Sonia Gabriela\.m2\repository\org\nibor\autolink\autolink\0.6.0\autolink-0.6.0.jar;C:\Users\Sonia Gabriela\.m2\repository\com\vladsch\flexmark\flexmark-ext-definition\0.34.30\flexmark-ext-definition-0.34.30.jar;C:\Users\Sonia Gabriela\.m2\repository\com\vladsch\flexmark\flexmark-ext-emoji\0.34.30\flexmark-ext-emoji-0.34.30.jar;C:\Users\Sonia Gabriela\.m2\repository\com\vladsch\flexmark\flexmark-ext-enumerated-reference\0.34.30\flexmark-ext-enumerated-reference-0.34.30.jar;C:\Users\Sonia Gabriela\.m2\repository\com\vladsch\flexmark\flexmark-ext-escaped-character\0.34.30\flexmark-ext-escaped-character-0.34.30.jar;C:\Users\Sonia Gabriela\.m2\repository\com\vladsch\flexmark\flexmark-ext-footnotes\0.34.30\flexmark-ext-footnotes-0.34.30.jar;C:\Users\Sonia Gabriela\.m2\repository\com\vladsch\flexmark\flexmark-ext-gfm-issues\0.34.30\flexmark-ext-gfm-issues-0.34.30.jar;C:\Users\Sonia Gabriela\.m2\repository\com\vladsch\flexmark\flexmark-ext-gfm-strikethrough\0.34.30\flexmark-ext-gfm-strikethrough-0.34.30.jar;C:\Users\Sonia Gabriela\.m2\repository\com\vladsch\flexmark\flexmark-ext-gfm-tables\0.34.30\flexmark-ext-gfm-tables-0.34.30.jar;C:\Users\Sonia Gabriela\.m2\repository\com\vladsch\flexmark\flexmark-ext-gfm-tasklist\0.34.30\flexmark-ext-gfm-tasklist-0.34.30.jar;C:\Users\Sonia Gabriela\.m2\repository\com\vladsch\flexmark\flexmark-ext-gfm-users\0.34.30\flexmark-ext-gfm-users-0.34.30.jar;C:\Users\Sonia Gabriela\.m2\repository\com\vladsch\flexmark\flexmark-ext-gitlab\0.34.30\flexmark-ext-gitlab-0.34.30.jar;C:\Users\Sonia Gabriela\.m2\repository\com\vladsch\flexmark\flexmark-ext-jekyll-front-matter\0.34.30\flexmark-ext-jekyll-front-matter-0.34.30.jar;C:\Users\Sonia Gabriela\.m2\repository\com\vladsch\flexmark\flexmark-ext-jekyll-tag\0.34.30\flexmark-ext-jekyll-tag-0.34.30.jar;C:\Users\Sonia Gabriela\.m2\repository\com\vladsch\flexmark\flexmark-ext-media-tags\0.34.30\flexmark-ext-media-tags-0.34.30.jar;C:\Users\Sonia Gabriela\.m2\repository\com\vladsch\flexmark\flexmark-test-util\0.34.30\flexmark-test-util-0.34.30.jar;C:\Users\Sonia Gabriela\.m2\repository\com\vladsch\flexmark\flexmark-ext-ins\0.34.30\flexmark-ext-ins-0.34.30.jar;C:\Users\Sonia Gabriela\.m2\repository\com\vladsch\flexmark\flexmark-ext-xwiki-macros\0.34.30\flexmark-ext-xwiki-macros-0.34.30.jar;C:\Users\Sonia Gabriela\.m2\repository\com\vladsch\flexmark\flexmark-ext-superscript\0.34.30\flexmark-ext-superscript-0.34.30.jar;C:\Users\Sonia Gabriela\.m2\repository\com\vladsch\flexmark\flexmark-ext-tables\0.34.30\flexmark-ext-tables-0.34.30.jar;C:\Users\Sonia Gabriela\.m2\repository\com\vladsch\flexmark\flexmark-ext-toc\0.34.30\flexmark-ext-toc-0.34.30.jar;C:\Users\Sonia Gabriela\.m2\repository\com\vladsch\flexmark\flexmark-ext-typographic\0.34.30\flexmark-ext-typographic-0.34.30.jar;C:\Users\Sonia Gabriela\.m2\repository\com\vladsch\flexmark\flexmark-ext-wikilink\0.34.30\flexmark-ext-wikilink-0.34.30.jar;C:\Users\Sonia Gabriela\.m2\repository\com\vladsch\flexmark\flexmark-ext-yaml-front-matter\0.34.30\flexmark-ext-yaml-front-matter-0.34.30.jar;C:\Users\Sonia Gabriela\.m2\repository\com\vladsch\flexmark\flexmark-ext-youtube-embedded\0.34.30\flexmark-ext-youtube-embedded-0.34.30.jar;C:\Users\Sonia Gabriela\.m2\repository\com\vladsch\flexmark\flexmark-formatter\0.34.30\flexmark-formatter-0.34.30.jar;C:\Users\Sonia Gabriela\.m2\repository\com\vladsch\flexmark\flexmark-html-parser\0.34.30\flexmark-html-parser-0.34.30.jar;C:\Users\Sonia Gabriela\.m2\repository\com\vladsch\flexmark\flexmark-jira-converter\0.34.30\flexmark-jira-converter-0.34.30.jar;C:\Users\Sonia Gabriela\.m2\repository\com\vladsch\flexmark\flexmark-pdf-converter\0.34.30\flexmark-pdf-converter-0.34.30.jar;C:\Users\Sonia Gabriela\.m2\repository\com\openhtmltopdf\openhtmltopdf-core\0.0.1-RC13\openhtmltopdf-core-0.0.1-RC13.jar;C:\Users\Sonia Gabriela\.m2\repository\com\openhtmltopdf\openhtmltopdf-pdfbox\0.0.1-RC13\openhtmltopdf-pdfbox-0.0.1-RC13.jar;C:\Users\Sonia Gabriela\.m2\repository\org\apache\pdfbox\pdfbox\2.0.8\pdfbox-2.0.8.jar;C:\Users\Sonia Gabriela\.m2\repository\org\apache\pdfbox\fontbox\2.0.8\fontbox-2.0.8.jar;C:\Users\Sonia Gabriela\.m2\repository\org\apache\pdfbox\xmpbox\2.0.8\xmpbox-2.0.8.jar;C:\Users\Sonia Gabriela\.m2\repository\de\rototor\pdfbox\graphics2d\0.12\graphics2d-0.12.jar;C:\Users\Sonia Gabriela\.m2\repository\com\openhtmltopdf\openhtmltopdf-rtl-support\0.0.1-RC13\openhtmltopdf-rtl-support-0.0.1-RC13.jar;C:\Users\Sonia Gabriela\.m2\repository\com\ibm\icu\icu4j\59.1\icu4j-59.1.jar;C:\Users\Sonia Gabriela\.m2\repository\com\openhtmltopdf\openhtmltopdf-jsoup-dom-converter\0.0.1-RC13\openhtmltopdf-jsoup-dom-converter-0.0.1-RC13.jar;C:\Users\Sonia Gabriela\.m2\repository\com\vladsch\flexmark\flexmark-profile-pegdown\0.34.30\flexmark-profile-pegdown-0.34.30.jar;C:\Users\Sonia Gabriela\.m2\repository\com\vladsch\flexmark\flexmark-util\0.34.30\flexmark-util-0.34.30.jar;C:\Users\Sonia Gabriela\.m2\repository\com\vladsch\flexmark\flexmark-youtrack-converter\0.34.30\flexmark-youtrack-converter-0.34.30.jar;C:\Users\Sonia Gabriela\.m2\repository\es\nitaur\markdown\txtmark\0.16\txtmark-0.16.jar;C:\Users\Sonia Gabriela\.m2\repository\net\serenity-bdd\serenity-report-resources\2.4.51\serenity-report-resources-2.4.51.jar;C:\Users\Sonia Gabriela\.m2\repository\com\google\code\gson\gson\2.8.7\gson-2.8.7.jar;C:\Users\Sonia Gabriela\.m2\repository\com\fasterxml\jackson\core\jackson-core\2.12.4\jackson-core-2.12.4.jar;C:\Users\Sonia Gabriela\.m2\repository\com\fasterxml\jackson\core\jackson-databind\2.12.4\jackson-databind-2.12.4.jar;C:\Users\Sonia Gabriela\.m2\repository\com\fasterxml\jackson\core\jackson-annotations\2.12.4\jackson-annotations-2.12.4.jar;C:\Users\Sonia Gabriela\.m2\repository\commons-codec\commons-codec\1.15\commons-codec-1.15.jar;C:\Users\Sonia Gabriela\.m2\repository\commons-io\commons-io\2.8.0\commons-io-2.8.0.jar;C:\Users\Sonia Gabriela\.m2\repository\org\seleniumhq\selenium\selenium-server\3.141.59\selenium-server-3.141.59.jar;C:\Users\Sonia Gabriela\.m2\repository\org\seleniumhq\selenium\selenium-opera-driver\3.141.59\selenium-opera-driver-3.141.59.jar;C:\Users\Sonia Gabriela\.m2\repository\org\seleniumhq\selenium\selenium-remote-driver\3.141.59\selenium-remote-driver-3.141.59.jar;C:\Users\Sonia Gabriela\.m2\repository\org\seleniumhq\selenium\selenium-safari-driver\3.141.59\selenium-safari-driver-3.141.59.jar;C:\Users\Sonia Gabriela\.m2\repository\com\beust\jcommander\1.72\jcommander-1.72.jar;C:\Users\Sonia Gabriela\.m2\repository\org\apache\commons\commons-exec\1.3\commons-exec-1.3.jar;C:\Users\Sonia Gabriela\.m2\repository\net\jcip\jcip-annotations\1.0\jcip-annotations-1.0.jar;C:\Users\Sonia Gabriela\.m2\repository\org\seleniumhq\selenium\jetty-repacked\9.4.12.v20180830\jetty-repacked-9.4.12.v20180830.jar;C:\Users\Sonia Gabriela\.m2\repository\com\squareup\okhttp3\okhttp\3.11.0\okhttp-3.11.0.jar;C:\Users\Sonia Gabriela\.m2\repository\com\squareup\okio\okio\1.14.0\okio-1.14.0.jar;C:\Users\Sonia Gabriela\.m2\repository\javax\servlet\javax.servlet-api\3.1.0\javax.servlet-api-3.1.0.jar;C:\Users\Sonia Gabriela\.m2\repository\org\yaml\snakeyaml\1.19\snakeyaml-1.19.jar;C:\Users\Sonia Gabriela\.m2\repository\org\seleniumhq\selenium\selenium-java\3.141.59\selenium-java-3.141.59.jar;C:\Users\Sonia Gabriela\.m2\repository\org\seleniumhq\selenium\selenium-api\3.141.59\selenium-api-3.141.59.jar;C:\Users\Sonia Gabriela\.m2\repository\org\seleniumhq\selenium\selenium-support\3.141.59\selenium-support-3.141.59.jar;C:\Users\Sonia Gabriela\.m2\repository\org\seleniumhq\selenium\selenium-chrome-driver\3.141.59\selenium-chrome-driver-3.141.59.jar;C:\Users\Sonia Gabriela\.m2\repository\org\seleniumhq\selenium\selenium-firefox-driver\3.141.59\selenium-firefox-driver-3.141.59.jar;C:\Users\Sonia Gabriela\.m2\repository\org\seleniumhq\selenium\selenium-edge-driver\3.141.59\selenium-edge-driver-3.141.59.jar;C:\Users\Sonia Gabriela\.m2\repository\org\seleniumhq\selenium\selenium-ie-driver\3.141.59\selenium-ie-driver-3.141.59.jar;C:\Users\Sonia Gabriela\.m2\repository\net\sourceforge\htmlunit\htmlunit\2.47.1\htmlunit-2.47.1.jar;C:\Users\Sonia Gabriela\.m2\repository\xalan\xalan\2.7.2\xalan-2.7.2.jar;C:\Users\Sonia Gabriela\.m2\repository\xalan\serializer\2.7.2\serializer-2.7.2.jar;C:\Users\Sonia Gabriela\.m2\repository\net\sourceforge\htmlunit\htmlunit-core-js\2.47.0\htmlunit-core-js-2.47.0.jar;C:\Users\Sonia Gabriela\.m2\repository\net\sourceforge\htmlunit\neko-htmlunit\2.47.1\neko-htmlunit-2.47.1.jar;C:\Users\Sonia Gabriela\.m2\repository\xerces\xercesImpl\2.12.0\xercesImpl-2.12.0.jar;C:\Users\Sonia Gabriela\.m2\repository\xml-apis\xml-apis\1.4.01\xml-apis-1.4.01.jar;C:\Users\Sonia Gabriela\.m2\repository\net\sourceforge\htmlunit\htmlunit-cssparser\1.7.0\htmlunit-cssparser-1.7.0.jar;C:\Users\Sonia Gabriela\.m2\repository\org\brotli\dec\0.1.2\dec-0.1.2.jar;C:\Users\Sonia Gabriela\.m2\repository\com\shapesecurity\salvation2\3.0.0\salvation2-3.0.0.jar;C:\Users\Sonia Gabriela\.m2\repository\org\eclipse\jetty\websocket\websocket-client\9.4.36.v20210114\websocket-client-9.4.36.v20210114.jar;C:\Users\Sonia Gabriela\.m2\repository\org\eclipse\jetty\jetty-client\9.4.36.v20210114\jetty-client-9.4.36.v20210114.jar;C:\Users\Sonia Gabriela\.m2\repository\org\eclipse\jetty\jetty-http\9.4.36.v20210114\jetty-http-9.4.36.v20210114.jar;C:\Users\Sonia Gabriela\.m2\repository\org\eclipse\jetty\jetty-util\9.4.36.v20210114\jetty-util-9.4.36.v20210114.jar;C:\Users\Sonia Gabriela\.m2\repository\org\eclipse\jetty\jetty-io\9.4.36.v20210114\jetty-io-9.4.36.v20210114.jar;C:\Users\Sonia Gabriela\.m2\repository\org\eclipse\jetty\websocket\websocket-common\9.4.36.v20210114\websocket-common-9.4.36.v20210114.jar;C:\Users\Sonia Gabriela\.m2\repository\org\eclipse\jetty\websocket\websocket-api\9.4.36.v20210114\websocket-api-9.4.36.v20210114.jar;C:\Users\Sonia Gabriela\.m2\repository\org\projectlombok\lombok\1.18.20\lombok-1.18.20.jar;C:\Users\Sonia Gabriela\.m2\repository\org\seleniumhq\selenium\htmlunit-driver\2.47.1\htmlunit-driver-2.47.1.jar;C:\Users\Sonia Gabriela\.m2\repository\com\codeborne\phantomjsdriver\1.4.4\phantomjsdriver-1.4.4.jar;C:\Users\Sonia Gabriela\.m2\repository\io\appium\java-client\7.5.1\java-client-7.5.1.jar;C:\Users\Sonia Gabriela\.m2\repository\commons-validator\commons-validator\1.7\commons-validator-1.7.jar;C:\Users\Sonia Gabriela\.m2\repository\commons-digester\commons-digester\2.1\commons-digester-2.1.jar;C:\Users\Sonia Gabriela\.m2\repository\org\aspectj\aspectjweaver\1.9.6\aspectjweaver-1.9.6.jar;C:\Users\Sonia Gabriela\.m2\repository\net\sf\opencsv\opencsv\2.0\opencsv-2.0.jar;C:\Users\Sonia Gabriela\.m2\repository\commons-beanutils\commons-beanutils\1.9.4\commons-beanutils-1.9.4.jar;C:\Users\Sonia Gabriela\.m2\repository\org\apache\commons\commons-lang3\3.11\commons-lang3-3.11.jar;C:\Users\Sonia Gabriela\.m2\repository\commons-collections\commons-collections\3.2.2\commons-collections-3.2.2.jar;C:\Users\Sonia Gabriela\.m2\repository\org\fluentlenium\fluentlenium-core\0.10.2\fluentlenium-core-0.10.2.jar;C:\Users\Sonia Gabriela\.m2\repository\io\github\bonigarcia\webdrivermanager\4.4.1\webdrivermanager-4.4.1.jar;C:\Users\Sonia Gabriela\.m2\repository\org\apache\httpcomponents\client5\httpclient5\5.0.3\httpclient5-5.0.3.jar;C:\Users\Sonia Gabriela\.m2\repository\org\apache\httpcomponents\core5\httpcore5\5.0.2\httpcore5-5.0.2.jar;C:\Users\Sonia Gabriela\.m2\repository\org\apache\httpcomponents\core5\httpcore5-h2\5.0.2\httpcore5-h2-5.0.2.jar;C:\Users\Sonia Gabriela\.m2\repository\org\rauschig\jarchivelib\1.1.0\jarchivelib-1.1.0.jar;C:\Users\Sonia Gabriela\.m2\repository\org\apache\commons\commons-compress\1.20\commons-compress-1.20.jar;C:\Users\Sonia Gabriela\.m2\repository\com\jhlabs\filters\2.0.235\filters-2.0.235.jar;C:\Users\Sonia Gabriela\.m2\repository\com\paulhammant\ngwebdriver\1.1.5\ngwebdriver-1.1.5.jar;C:\Users\Sonia Gabriela\.m2\repository\joda-time\joda-time\2.8.2\joda-time-2.8.2.jar;C:\Users\Sonia Gabriela\.m2\repository\com\google\jimfs\jimfs\1.1\jimfs-1.1.jar;C:\Users\Sonia Gabriela\.m2\repository\org\mockito\mockito-core\3.3.3\mockito-core-3.3.3.jar;C:\Users\Sonia Gabriela\.m2\repository\javax\xml\bind\jaxb-api\2.3.1\jaxb-api-2.3.1.jar;C:\Users\Sonia Gabriela\.m2\repository\javax\activation\javax.activation-api\1.2.0\javax.activation-api-1.2.0.jar;C:\Users\Sonia Gabriela\.m2\repository\com\sun\xml\bind\jaxb-core\2.3.0.1\jaxb-core-2.3.0.1.jar;C:\Users\Sonia Gabriela\.m2\repository\com\sun\xml\bind\jaxb-impl\2.3.3\jaxb-impl-2.3.3.jar;C:\Users\Sonia Gabriela\.m2\repository\com\sun\activation\jakarta.activation\1.2.2\jakarta.activation-1.2.2.jar;C:\Users\Sonia Gabriela\.m2\repository\javax\activation\activation\1.1.1\activation-1.1.1.jar;C:\Users\Sonia Gabriela\.m2\repository\net\serenity-bdd\serenity-junit\2.4.51\serenity-junit-2.4.51.jar;C:\Users\Sonia Gabriela\.m2\repository\net\serenity-bdd\serenity-rest-assured\2.4.51\serenity-rest-assured-2.4.51.jar;C:\Users\Sonia Gabriela\.m2\repository\org\codehaus\groovy\groovy-json\3.0.8\groovy-json-3.0.8.jar;C:\Users\Sonia Gabriela\.m2\repository\org\opentest4j\opentest4j\1.2.0\opentest4j-1.2.0.jar;C:\Users\Sonia Gabriela\.m2\repository\net\serenity-bdd\serenity-screenplay\2.4.51\serenity-screenplay-2.4.51.jar;C:\Users\Sonia Gabriela\.m2\repository\net\serenity-bdd\serenity-screenplay-rest\2.4.51\serenity-screenplay-rest-2.4.51.jar;C:\Users\Sonia Gabriela\.m2\repository\net\serenity-bdd\serenity-cucumber6\2.4.51\serenity-cucumber6-2.4.51.jar;C:\Users\Sonia Gabriela\.m2\repository\net\serenity-bdd\serenity-screenplay-webdriver\2.4.51\serenity-screenplay-webdriver-2.4.51.jar;C:\Users\Sonia Gabriela\.m2\repository\io\cucumber\cucumber-java\6.10.4\cucumber-java-6.10.4.jar;C:\Users\Sonia Gabriela\.m2\repository\org\apiguardian\apiguardian-api\1.1.1\apiguardian-api-1.1.1.jar;C:\Users\Sonia Gabriela\.m2\repository\io\cucumber\cucumber-junit\6.10.4\cucumber-junit-6.10.4.jar;C:\Users\Sonia Gabriela\.m2\repository\io\cucumber\datatable-matchers\3.4.0\datatable-matchers-3.4.0.jar;C:\Users\Sonia Gabriela\.m2\repository\io\cucumber\datatable\3.4.0\datatable-3.4.0.jar;C:\Users\Sonia Gabriela\.m2\repository\commons-logging\commons-logging\1.2\commons-logging-1.2.jar;C:\Users\Sonia Gabriela\.m2\repository\org\apache\commons\commons-csv\1.5\commons-csv-1.5.jar;C:\Users\Sonia Gabriela\.m2\repository\io\rest-assured\rest-assured\4.3.2\rest-assured-4.3.2.jar;C:\Users\Sonia Gabriela\.m2\repository\org\apache\httpcomponents\httpclient\4.5.3\httpclient-4.5.3.jar;C:\Users\Sonia Gabriela\.m2\repository\org\apache\httpcomponents\httpcore\4.4.6\httpcore-4.4.6.jar;C:\Users\Sonia Gabriela\.m2\repository\org\apache\httpcomponents\httpmime\4.5.3\httpmime-4.5.3.jar;C:\Users\Sonia Gabriela\.m2\repository\org\ccil\cowan\tagsoup\tagsoup\1.2.1\tagsoup-1.2.1.jar;C:\Users\Sonia Gabriela\.m2\repository\io\rest-assured\json-path\4.3.3\json-path-4.3.3.jar;C:\Users\Sonia Gabriela\.m2\repository\io\rest-assured\rest-assured-common\4.3.3\rest-assured-common-4.3.3.jar;C:\Users\Sonia Gabriela\.m2\repository\io\rest-assured\xml-path\4.3.3\xml-path-4.3.3.jar;C:\Users\Sonia Gabriela\.m2\repository\jakarta\xml\bind\jakarta.xml.bind-api\2.3.3\jakarta.xml.bind-api-2.3.3.jar;C:\Users\Sonia Gabriela\.m2\repository\jakarta\activation\jakarta.activation-api\1.2.2\jakarta.activation-api-1.2.2.jar;C:\Users\Sonia Gabriela\.m2\repository\org\codehaus\groovy\groovy\3.0.6\groovy-3.0.6.jar;C:\Users\Sonia Gabriela\.m2\repository\org\codehaus\groovy\groovy-xml\3.0.6\groovy-xml-3.0.6.jar;C:\Users\Sonia Gabriela\.m2\repository\junit\junit\4.13.1\junit-4.13.1.jar;C:\Users\Sonia Gabriela\.m2\repository\org\hamcrest\hamcrest-core\1.3\hamcrest-core-1.3.jar;C:\Users\Sonia Gabriela\.m2\repository\org\assertj\assertj-core\3.6.2\assertj-core-3.6.2.jar;C:\Users\Sonia Gabriela\.m2\repository\org\hamcrest\hamcrest\2.2\hamcrest-2.2.jar;"/>
    <property name="java.vm.vendor" value="Oracle Corporation"/>
    <property name="sun.arch.data.model" value="64"/>
    <property name="user.variant" value=""/>
    <property name="java.vendor.url" value="http://java.oracle.com/"/>
    <property name="user.timezone" value="America/Bogota"/>
    <property name="java.vm.specification.version" value="1.8"/>
    <property name="os.name" value="Windows 11"/>
    <property name="user.country" value="PE"/>
    <property name="sun.java.launcher" value="SUN_STANDARD"/>
    <property name="sun.boot.library.path" value="C:\Program Files\Java\jdk-1.8\jre\bin"/>
    <property name="sun.java.command" value="C:\Users\Sonia Gabriela\AppData\Local\Temp\surefire8687141780343795710\surefirebooter4837417448524069629.jar C:\Users\Sonia Gabriela\AppData\Local\Temp\surefire8687141780343795710 2024-08-26T00-51-52_949-jvmRun1 surefire8524162550352119449tmp surefire_08657727760461412909tmp"/>
    <property name="surefire.test.class.path" value="C:\Users\Sonia Gabriela\Desktop\AutomationAPI\AutomatizacionAPI\target\test-classes;C:\Users\Sonia Gabriela\Desktop\AutomationAPI\AutomatizacionAPI\target\api-test-qa-lab-1.0-SNAPSHOT.jar;C:\Users\Sonia Gabriela\.m2\repository\ch\qos\logback\logback-classic\1.2.3\logback-classic-1.2.3.jar;C:\Users\Sonia Gabriela\.m2\repository\ch\qos\logback\logback-core\1.2.3\logback-core-1.2.3.jar;C:\Users\Sonia Gabriela\.m2\repository\org\slf4j\slf4j-api\1.7.25\slf4j-api-1.7.25.jar;C:\Users\Sonia Gabriela\.m2\repository\net\serenity-bdd\serenity-core\2.4.51\serenity-core-2.4.51.jar;C:\Users\Sonia Gabriela\.m2\repository\net\serenity-bdd\serenity-model\2.4.51\serenity-model-2.4.51.jar;C:\Users\Sonia Gabriela\.m2\repository\org\apache\commons\commons-text\1.9\commons-text-1.9.jar;C:\Users\Sonia Gabriela\.m2\repository\commons-net\commons-net\3.6\commons-net-3.6.jar;C:\Users\Sonia Gabriela\.m2\repository\com\google\guava\guava\30.1-jre\guava-30.1-jre.jar;C:\Users\Sonia Gabriela\.m2\repository\com\google\guava\failureaccess\1.0.1\failureaccess-1.0.1.jar;C:\Users\Sonia Gabriela\.m2\repository\com\google\guava\listenablefuture\9999.0-empty-to-avoid-conflict-with-guava\listenablefuture-9999.0-empty-to-avoid-conflict-with-guava.jar;C:\Users\Sonia Gabriela\.m2\repository\com\google\code\findbugs\jsr305\3.0.2\jsr305-3.0.2.jar;C:\Users\Sonia Gabriela\.m2\repository\org\checkerframework\checker-qual\3.5.0\checker-qual-3.5.0.jar;C:\Users\Sonia Gabriela\.m2\repository\com\google\errorprone\error_prone_annotations\2.3.4\error_prone_annotations-2.3.4.jar;C:\Users\Sonia Gabriela\.m2\repository\com\google\j2objc\j2objc-annotations\1.3\j2objc-annotations-1.3.jar;C:\Users\Sonia Gabriela\.m2\repository\com\google\inject\guice\5.0.1\guice-5.0.1.jar;C:\Users\Sonia Gabriela\.m2\repository\javax\inject\javax.inject\1\javax.inject-1.jar;C:\Users\Sonia Gabriela\.m2\repository\aopalliance\aopalliance\1.0\aopalliance-1.0.jar;C:\Users\Sonia Gabriela\.m2\repository\org\jsoup\jsoup\1.13.1\jsoup-1.13.1.jar;C:\Users\Sonia Gabriela\.m2\repository\com\thoughtworks\xstream\xstream\1.4.17\xstream-1.4.17.jar;C:\Users\Sonia Gabriela\.m2\repository\io\github\x-stream\mxparser\1.2.1\mxparser-1.2.1.jar;C:\Users\Sonia Gabriela\.m2\repository\xmlpull\xmlpull\1.1.3.1\xmlpull-1.1.3.1.jar;C:\Users\Sonia Gabriela\.m2\repository\io\cucumber\cucumber-core\6.10.2\cucumber-core-6.10.2.jar;C:\Users\Sonia Gabriela\.m2\repository\io\cucumber\cucumber-gherkin\6.10.2\cucumber-gherkin-6.10.2.jar;C:\Users\Sonia Gabriela\.m2\repository\io\cucumber\cucumber-gherkin-messages\6.10.2\cucumber-gherkin-messages-6.10.2.jar;C:\Users\Sonia Gabriela\.m2\repository\io\cucumber\messages\14.0.1\messages-14.0.1.jar;C:\Users\Sonia Gabriela\.m2\repository\io\cucumber\tag-expressions\3.0.0\tag-expressions-3.0.0.jar;C:\Users\Sonia Gabriela\.m2\repository\io\cucumber\cucumber-expressions\10.3.0\cucumber-expressions-10.3.0.jar;C:\Users\Sonia Gabriela\.m2\repository\io\cucumber\cucumber-plugin\6.10.2\cucumber-plugin-6.10.2.jar;C:\Users\Sonia Gabriela\.m2\repository\io\cucumber\docstring\6.10.2\docstring-6.10.2.jar;C:\Users\Sonia Gabriela\.m2\repository\io\cucumber\html-formatter\12.0.0\html-formatter-12.0.0.jar;C:\Users\Sonia Gabriela\.m2\repository\io\cucumber\create-meta\3.0.0\create-meta-3.0.0.jar;C:\Users\Sonia Gabriela\.m2\repository\com\typesafe\config\1.3.1\config-1.3.1.jar;C:\Users\Sonia Gabriela\.m2\repository\org\imgscalr\imgscalr-lib\4.2\imgscalr-lib-4.2.jar;C:\Users\Sonia Gabriela\.m2\repository\org\awaitility\awaitility\4.0.3\awaitility-4.0.3.jar;C:\Users\Sonia Gabriela\.m2\repository\org\freemarker\freemarker\2.3.29\freemarker-2.3.29.jar;C:\Users\Sonia Gabriela\.m2\repository\net\sourceforge\jexcelapi\jxl\2.6.12\jxl-2.6.12.jar;C:\Users\Sonia Gabriela\.m2\repository\org\asciidoctor\asciidoctorj\2.5.1\asciidoctorj-2.5.1.jar;C:\Users\Sonia Gabriela\.m2\repository\org\asciidoctor\asciidoctorj-api\2.5.1\asciidoctorj-api-2.5.1.jar;C:\Users\Sonia Gabriela\.m2\repository\org\jruby\jruby\9.2.17.0\jruby-9.2.17.0.jar;C:\Users\Sonia Gabriela\.m2\repository\org\jruby\jruby-core\9.2.17.0\jruby-core-9.2.17.0.jar;C:\Users\Sonia Gabriela\.m2\repository\com\github\jnr\jnr-netdb\1.2.0\jnr-netdb-1.2.0.jar;C:\Users\Sonia Gabriela\.m2\repository\com\github\jnr\jnr-enxio\0.32.3\jnr-enxio-0.32.3.jar;C:\Users\Sonia Gabriela\.m2\repository\com\github\jnr\jnr-unixsocket\0.38.5\jnr-unixsocket-0.38.5.jar;C:\Users\Sonia Gabriela\.m2\repository\com\github\jnr\jnr-posix\3.1.4\jnr-posix-3.1.4.jar;C:\Users\Sonia Gabriela\.m2\repository\com\github\jnr\jnr-constants\0.10.1\jnr-constants-0.10.1.jar;C:\Users\Sonia Gabriela\.m2\repository\com\github\jnr\jffi\1.3.1\jffi-1.3.1.jar;C:\Users\Sonia Gabriela\.m2\repository\com\github\jnr\jffi\1.3.1\jffi-1.3.1-native.jar;C:\Users\Sonia Gabriela\.m2\repository\org\jruby\joni\joni\2.1.31\joni-2.1.31.jar;C:\Users\Sonia Gabriela\.m2\repository\org\jruby\jcodings\jcodings\1.0.46\jcodings-1.0.46.jar;C:\Users\Sonia Gabriela\.m2\repository\org\jruby\dirgra\0.3\dirgra-0.3.jar;C:\Users\Sonia Gabriela\.m2\repository\com\headius\invokebinder\1.11\invokebinder-1.11.jar;C:\Users\Sonia Gabriela\.m2\repository\com\headius\options\1.4\options-1.4.jar;C:\Users\Sonia Gabriela\.m2\repository\com\jcraft\jzlib\1.1.3\jzlib-1.1.3.jar;C:\Users\Sonia Gabriela\.m2\repository\com\martiansoftware\nailgun-server\0.9.1\nailgun-server-0.9.1.jar;C:\Users\Sonia Gabriela\.m2\repository\com\headius\backport9\1.8\backport9-1.8.jar;C:\Users\Sonia Gabriela\.m2\repository\javax\annotation\javax.annotation-api\1.3.1\javax.annotation-api-1.3.1.jar;C:\Users\Sonia Gabriela\.m2\repository\org\jruby\jruby-stdlib\9.2.17.0\jruby-stdlib-9.2.17.0.jar;C:\Users\Sonia Gabriela\.m2\repository\net\bytebuddy\byte-buddy\1.11.1\byte-buddy-1.11.1.jar;C:\Users\Sonia Gabriela\.m2\repository\net\bytebuddy\byte-buddy-agent\1.11.1\byte-buddy-agent-1.11.1.jar;C:\Users\Sonia Gabriela\.m2\repository\org\objenesis\objenesis\3.1\objenesis-3.1.jar;C:\Users\Sonia Gabriela\.m2\repository\net\serenity-bdd\serenity-reports\2.4.51\serenity-reports-2.4.51.jar;C:\Users\Sonia Gabriela\.m2\repository\net\serenity-bdd\serenity-stats\2.4.51\serenity-stats-2.4.51.jar;C:\Users\Sonia Gabriela\.m2\repository\org\jetbrains\kotlin\kotlin-stdlib\1.5.0\kotlin-stdlib-1.5.0.jar;C:\Users\Sonia Gabriela\.m2\repository\org\jetbrains\annotations\13.0\annotations-13.0.jar;C:\Users\Sonia Gabriela\.m2\repository\org\jetbrains\kotlin\kotlin-stdlib-common\1.5.0\kotlin-stdlib-common-1.5.0.jar;C:\Users\Sonia Gabriela\.m2\repository\net\serenity-bdd\serenity-reports-configuration\2.4.51\serenity-reports-configuration-2.4.51.jar;C:\Users\Sonia Gabriela\.m2\repository\com\vladsch\flexmark\flexmark-all\0.34.30\flexmark-all-0.34.30.jar;C:\Users\Sonia Gabriela\.m2\repository\com\vladsch\flexmark\flexmark\0.34.30\flexmark-0.34.30.jar;C:\Users\Sonia Gabriela\.m2\repository\com\vladsch\flexmark\flexmark-ext-abbreviation\0.34.30\flexmark-ext-abbreviation-0.34.30.jar;C:\Users\Sonia Gabriela\.m2\repository\com\vladsch\flexmark\flexmark-ext-admonition\0.34.30\flexmark-ext-admonition-0.34.30.jar;C:\Users\Sonia Gabriela\.m2\repository\com\vladsch\flexmark\flexmark-ext-anchorlink\0.34.30\flexmark-ext-anchorlink-0.34.30.jar;C:\Users\Sonia Gabriela\.m2\repository\com\vladsch\flexmark\flexmark-ext-aside\0.34.30\flexmark-ext-aside-0.34.30.jar;C:\Users\Sonia Gabriela\.m2\repository\com\vladsch\flexmark\flexmark-ext-attributes\0.34.30\flexmark-ext-attributes-0.34.30.jar;C:\Users\Sonia Gabriela\.m2\repository\com\vladsch\flexmark\flexmark-ext-autolink\0.34.30\flexmark-ext-autolink-0.34.30.jar;C:\Users\Sonia Gabriela\.m2\repository\org\nibor\autolink\autolink\0.6.0\autolink-0.6.0.jar;C:\Users\Sonia Gabriela\.m2\repository\com\vladsch\flexmark\flexmark-ext-definition\0.34.30\flexmark-ext-definition-0.34.30.jar;C:\Users\Sonia Gabriela\.m2\repository\com\vladsch\flexmark\flexmark-ext-emoji\0.34.30\flexmark-ext-emoji-0.34.30.jar;C:\Users\Sonia Gabriela\.m2\repository\com\vladsch\flexmark\flexmark-ext-enumerated-reference\0.34.30\flexmark-ext-enumerated-reference-0.34.30.jar;C:\Users\Sonia Gabriela\.m2\repository\com\vladsch\flexmark\flexmark-ext-escaped-character\0.34.30\flexmark-ext-escaped-character-0.34.30.jar;C:\Users\Sonia Gabriela\.m2\repository\com\vladsch\flexmark\flexmark-ext-footnotes\0.34.30\flexmark-ext-footnotes-0.34.30.jar;C:\Users\Sonia Gabriela\.m2\repository\com\vladsch\flexmark\flexmark-ext-gfm-issues\0.34.30\flexmark-ext-gfm-issues-0.34.30.jar;C:\Users\Sonia Gabriela\.m2\repository\com\vladsch\flexmark\flexmark-ext-gfm-strikethrough\0.34.30\flexmark-ext-gfm-strikethrough-0.34.30.jar;C:\Users\Sonia Gabriela\.m2\repository\com\vladsch\flexmark\flexmark-ext-gfm-tables\0.34.30\flexmark-ext-gfm-tables-0.34.30.jar;C:\Users\Sonia Gabriela\.m2\repository\com\vladsch\flexmark\flexmark-ext-gfm-tasklist\0.34.30\flexmark-ext-gfm-tasklist-0.34.30.jar;C:\Users\Sonia Gabriela\.m2\repository\com\vladsch\flexmark\flexmark-ext-gfm-users\0.34.30\flexmark-ext-gfm-users-0.34.30.jar;C:\Users\Sonia Gabriela\.m2\repository\com\vladsch\flexmark\flexmark-ext-gitlab\0.34.30\flexmark-ext-gitlab-0.34.30.jar;C:\Users\Sonia Gabriela\.m2\repository\com\vladsch\flexmark\flexmark-ext-jekyll-front-matter\0.34.30\flexmark-ext-jekyll-front-matter-0.34.30.jar;C:\Users\Sonia Gabriela\.m2\repository\com\vladsch\flexmark\flexmark-ext-jekyll-tag\0.34.30\flexmark-ext-jekyll-tag-0.34.30.jar;C:\Users\Sonia Gabriela\.m2\repository\com\vladsch\flexmark\flexmark-ext-media-tags\0.34.30\flexmark-ext-media-tags-0.34.30.jar;C:\Users\Sonia Gabriela\.m2\repository\com\vladsch\flexmark\flexmark-test-util\0.34.30\flexmark-test-util-0.34.30.jar;C:\Users\Sonia Gabriela\.m2\repository\com\vladsch\flexmark\flexmark-ext-ins\0.34.30\flexmark-ext-ins-0.34.30.jar;C:\Users\Sonia Gabriela\.m2\repository\com\vladsch\flexmark\flexmark-ext-xwiki-macros\0.34.30\flexmark-ext-xwiki-macros-0.34.30.jar;C:\Users\Sonia Gabriela\.m2\repository\com\vladsch\flexmark\flexmark-ext-superscript\0.34.30\flexmark-ext-superscript-0.34.30.jar;C:\Users\Sonia Gabriela\.m2\repository\com\vladsch\flexmark\flexmark-ext-tables\0.34.30\flexmark-ext-tables-0.34.30.jar;C:\Users\Sonia Gabriela\.m2\repository\com\vladsch\flexmark\flexmark-ext-toc\0.34.30\flexmark-ext-toc-0.34.30.jar;C:\Users\Sonia Gabriela\.m2\repository\com\vladsch\flexmark\flexmark-ext-typographic\0.34.30\flexmark-ext-typographic-0.34.30.jar;C:\Users\Sonia Gabriela\.m2\repository\com\vladsch\flexmark\flexmark-ext-wikilink\0.34.30\flexmark-ext-wikilink-0.34.30.jar;C:\Users\Sonia Gabriela\.m2\repository\com\vladsch\flexmark\flexmark-ext-yaml-front-matter\0.34.30\flexmark-ext-yaml-front-matter-0.34.30.jar;C:\Users\Sonia Gabriela\.m2\repository\com\vladsch\flexmark\flexmark-ext-youtube-embedded\0.34.30\flexmark-ext-youtube-embedded-0.34.30.jar;C:\Users\Sonia Gabriela\.m2\repository\com\vladsch\flexmark\flexmark-formatter\0.34.30\flexmark-formatter-0.34.30.jar;C:\Users\Sonia Gabriela\.m2\repository\com\vladsch\flexmark\flexmark-html-parser\0.34.30\flexmark-html-parser-0.34.30.jar;C:\Users\Sonia Gabriela\.m2\repository\com\vladsch\flexmark\flexmark-jira-converter\0.34.30\flexmark-jira-converter-0.34.30.jar;C:\Users\Sonia Gabriela\.m2\repository\com\vladsch\flexmark\flexmark-pdf-converter\0.34.30\flexmark-pdf-converter-0.34.30.jar;C:\Users\Sonia Gabriela\.m2\repository\com\openhtmltopdf\openhtmltopdf-core\0.0.1-RC13\openhtmltopdf-core-0.0.1-RC13.jar;C:\Users\Sonia Gabriela\.m2\repository\com\openhtmltopdf\openhtmltopdf-pdfbox\0.0.1-RC13\openhtmltopdf-pdfbox-0.0.1-RC13.jar;C:\Users\Sonia Gabriela\.m2\repository\org\apache\pdfbox\pdfbox\2.0.8\pdfbox-2.0.8.jar;C:\Users\Sonia Gabriela\.m2\repository\org\apache\pdfbox\fontbox\2.0.8\fontbox-2.0.8.jar;C:\Users\Sonia Gabriela\.m2\repository\org\apache\pdfbox\xmpbox\2.0.8\xmpbox-2.0.8.jar;C:\Users\Sonia Gabriela\.m2\repository\de\rototor\pdfbox\graphics2d\0.12\graphics2d-0.12.jar;C:\Users\Sonia Gabriela\.m2\repository\com\openhtmltopdf\openhtmltopdf-rtl-support\0.0.1-RC13\openhtmltopdf-rtl-support-0.0.1-RC13.jar;C:\Users\Sonia Gabriela\.m2\repository\com\ibm\icu\icu4j\59.1\icu4j-59.1.jar;C:\Users\Sonia Gabriela\.m2\repository\com\openhtmltopdf\openhtmltopdf-jsoup-dom-converter\0.0.1-RC13\openhtmltopdf-jsoup-dom-converter-0.0.1-RC13.jar;C:\Users\Sonia Gabriela\.m2\repository\com\vladsch\flexmark\flexmark-profile-pegdown\0.34.30\flexmark-profile-pegdown-0.34.30.jar;C:\Users\Sonia Gabriela\.m2\repository\com\vladsch\flexmark\flexmark-util\0.34.30\flexmark-util-0.34.30.jar;C:\Users\Sonia Gabriela\.m2\repository\com\vladsch\flexmark\flexmark-youtrack-converter\0.34.30\flexmark-youtrack-converter-0.34.30.jar;C:\Users\Sonia Gabriela\.m2\repository\es\nitaur\markdown\txtmark\0.16\txtmark-0.16.jar;C:\Users\Sonia Gabriela\.m2\repository\net\serenity-bdd\serenity-report-resources\2.4.51\serenity-report-resources-2.4.51.jar;C:\Users\Sonia Gabriela\.m2\repository\com\google\code\gson\gson\2.8.7\gson-2.8.7.jar;C:\Users\Sonia Gabriela\.m2\repository\com\fasterxml\jackson\core\jackson-core\2.12.4\jackson-core-2.12.4.jar;C:\Users\Sonia Gabriela\.m2\repository\com\fasterxml\jackson\core\jackson-databind\2.12.4\jackson-databind-2.12.4.jar;C:\Users\Sonia Gabriela\.m2\repository\com\fasterxml\jackson\core\jackson-annotations\2.12.4\jackson-annotations-2.12.4.jar;C:\Users\Sonia Gabriela\.m2\repository\commons-codec\commons-codec\1.15\commons-codec-1.15.jar;C:\Users\Sonia Gabriela\.m2\repository\commons-io\commons-io\2.8.0\commons-io-2.8.0.jar;C:\Users\Sonia Gabriela\.m2\repository\org\seleniumhq\selenium\selenium-server\3.141.59\selenium-server-3.141.59.jar;C:\Users\Sonia Gabriela\.m2\repository\org\seleniumhq\selenium\selenium-opera-driver\3.141.59\selenium-opera-driver-3.141.59.jar;C:\Users\Sonia Gabriela\.m2\repository\org\seleniumhq\selenium\selenium-remote-driver\3.141.59\selenium-remote-driver-3.141.59.jar;C:\Users\Sonia Gabriela\.m2\repository\org\seleniumhq\selenium\selenium-safari-driver\3.141.59\selenium-safari-driver-3.141.59.jar;C:\Users\Sonia Gabriela\.m2\repository\com\beust\jcommander\1.72\jcommander-1.72.jar;C:\Users\Sonia Gabriela\.m2\repository\org\apache\commons\commons-exec\1.3\commons-exec-1.3.jar;C:\Users\Sonia Gabriela\.m2\repository\net\jcip\jcip-annotations\1.0\jcip-annotations-1.0.jar;C:\Users\Sonia Gabriela\.m2\repository\org\seleniumhq\selenium\jetty-repacked\9.4.12.v20180830\jetty-repacked-9.4.12.v20180830.jar;C:\Users\Sonia Gabriela\.m2\repository\com\squareup\okhttp3\okhttp\3.11.0\okhttp-3.11.0.jar;C:\Users\Sonia Gabriela\.m2\repository\com\squareup\okio\okio\1.14.0\okio-1.14.0.jar;C:\Users\Sonia Gabriela\.m2\repository\javax\servlet\javax.servlet-api\3.1.0\javax.servlet-api-3.1.0.jar;C:\Users\Sonia Gabriela\.m2\repository\org\yaml\snakeyaml\1.19\snakeyaml-1.19.jar;C:\Users\Sonia Gabriela\.m2\repository\org\seleniumhq\selenium\selenium-java\3.141.59\selenium-java-3.141.59.jar;C:\Users\Sonia Gabriela\.m2\repository\org\seleniumhq\selenium\selenium-api\3.141.59\selenium-api-3.141.59.jar;C:\Users\Sonia Gabriela\.m2\repository\org\seleniumhq\selenium\selenium-support\3.141.59\selenium-support-3.141.59.jar;C:\Users\Sonia Gabriela\.m2\repository\org\seleniumhq\selenium\selenium-chrome-driver\3.141.59\selenium-chrome-driver-3.141.59.jar;C:\Users\Sonia Gabriela\.m2\repository\org\seleniumhq\selenium\selenium-firefox-driver\3.141.59\selenium-firefox-driver-3.141.59.jar;C:\Users\Sonia Gabriela\.m2\repository\org\seleniumhq\selenium\selenium-edge-driver\3.141.59\selenium-edge-driver-3.141.59.jar;C:\Users\Sonia Gabriela\.m2\repository\org\seleniumhq\selenium\selenium-ie-driver\3.141.59\selenium-ie-driver-3.141.59.jar;C:\Users\Sonia Gabriela\.m2\repository\net\sourceforge\htmlunit\htmlunit\2.47.1\htmlunit-2.47.1.jar;C:\Users\Sonia Gabriela\.m2\repository\xalan\xalan\2.7.2\xalan-2.7.2.jar;C:\Users\Sonia Gabriela\.m2\repository\xalan\serializer\2.7.2\serializer-2.7.2.jar;C:\Users\Sonia Gabriela\.m2\repository\net\sourceforge\htmlunit\htmlunit-core-js\2.47.0\htmlunit-core-js-2.47.0.jar;C:\Users\Sonia Gabriela\.m2\repository\net\sourceforge\htmlunit\neko-htmlunit\2.47.1\neko-htmlunit-2.47.1.jar;C:\Users\Sonia Gabriela\.m2\repository\xerces\xercesImpl\2.12.0\xercesImpl-2.12.0.jar;C:\Users\Sonia Gabriela\.m2\repository\xml-apis\xml-apis\1.4.01\xml-apis-1.4.01.jar;C:\Users\Sonia Gabriela\.m2\repository\net\sourceforge\htmlunit\htmlunit-cssparser\1.7.0\htmlunit-cssparser-1.7.0.jar;C:\Users\Sonia Gabriela\.m2\repository\org\brotli\dec\0.1.2\dec-0.1.2.jar;C:\Users\Sonia Gabriela\.m2\repository\com\shapesecurity\salvation2\3.0.0\salvation2-3.0.0.jar;C:\Users\Sonia Gabriela\.m2\repository\org\eclipse\jetty\websocket\websocket-client\9.4.36.v20210114\websocket-client-9.4.36.v20210114.jar;C:\Users\Sonia Gabriela\.m2\repository\org\eclipse\jetty\jetty-client\9.4.36.v20210114\jetty-client-9.4.36.v20210114.jar;C:\Users\Sonia Gabriela\.m2\repository\org\eclipse\jetty\jetty-http\9.4.36.v20210114\jetty-http-9.4.36.v20210114.jar;C:\Users\Sonia Gabriela\.m2\repository\org\eclipse\jetty\jetty-util\9.4.36.v20210114\jetty-util-9.4.36.v20210114.jar;C:\Users\Sonia Gabriela\.m2\repository\org\eclipse\jetty\jetty-io\9.4.36.v20210114\jetty-io-9.4.36.v20210114.jar;C:\Users\Sonia Gabriela\.m2\repository\org\eclipse\jetty\websocket\websocket-common\9.4.36.v20210114\websocket-common-9.4.36.v20210114.jar;C:\Users\Sonia Gabriela\.m2\repository\org\eclipse\jetty\websocket\websocket-api\9.4.36.v20210114\websocket-api-9.4.36.v20210114.jar;C:\Users\Sonia Gabriela\.m2\repository\org\projectlombok\lombok\1.18.20\lombok-1.18.20.jar;C:\Users\Sonia Gabriela\.m2\repository\org\seleniumhq\selenium\htmlunit-driver\2.47.1\htmlunit-driver-2.47.1.jar;C:\Users\Sonia Gabriela\.m2\repository\com\codeborne\phantomjsdriver\1.4.4\phantomjsdriver-1.4.4.jar;C:\Users\Sonia Gabriela\.m2\repository\io\appium\java-client\7.5.1\java-client-7.5.1.jar;C:\Users\Sonia Gabriela\.m2\repository\commons-validator\commons-validator\1.7\commons-validator-1.7.jar;C:\Users\Sonia Gabriela\.m2\repository\commons-digester\commons-digester\2.1\commons-digester-2.1.jar;C:\Users\Sonia Gabriela\.m2\repository\org\aspectj\aspectjweaver\1.9.6\aspectjweaver-1.9.6.jar;C:\Users\Sonia Gabriela\.m2\repository\net\sf\opencsv\opencsv\2.0\opencsv-2.0.jar;C:\Users\Sonia Gabriela\.m2\repository\commons-beanutils\commons-beanutils\1.9.4\commons-beanutils-1.9.4.jar;C:\Users\Sonia Gabriela\.m2\repository\org\apache\commons\commons-lang3\3.11\commons-lang3-3.11.jar;C:\Users\Sonia Gabriela\.m2\repository\commons-collections\commons-collections\3.2.2\commons-collections-3.2.2.jar;C:\Users\Sonia Gabriela\.m2\repository\org\fluentlenium\fluentlenium-core\0.10.2\fluentlenium-core-0.10.2.jar;C:\Users\Sonia Gabriela\.m2\repository\io\github\bonigarcia\webdrivermanager\4.4.1\webdrivermanager-4.4.1.jar;C:\Users\Sonia Gabriela\.m2\repository\org\apache\httpcomponents\client5\httpclient5\5.0.3\httpclient5-5.0.3.jar;C:\Users\Sonia Gabriela\.m2\repository\org\apache\httpcomponents\core5\httpcore5\5.0.2\httpcore5-5.0.2.jar;C:\Users\Sonia Gabriela\.m2\repository\org\apache\httpcomponents\core5\httpcore5-h2\5.0.2\httpcore5-h2-5.0.2.jar;C:\Users\Sonia Gabriela\.m2\repository\org\rauschig\jarchivelib\1.1.0\jarchivelib-1.1.0.jar;C:\Users\Sonia Gabriela\.m2\repository\org\apache\commons\commons-compress\1.20\commons-compress-1.20.jar;C:\Users\Sonia Gabriela\.m2\repository\com\jhlabs\filters\2.0.235\filters-2.0.235.jar;C:\Users\Sonia Gabriela\.m2\repository\com\paulhammant\ngwebdriver\1.1.5\ngwebdriver-1.1.5.jar;C:\Users\Sonia Gabriela\.m2\repository\joda-time\joda-time\2.8.2\joda-time-2.8.2.jar;C:\Users\Sonia Gabriela\.m2\repository\com\google\jimfs\jimfs\1.1\jimfs-1.1.jar;C:\Users\Sonia Gabriela\.m2\repository\org\mockito\mockito-core\3.3.3\mockito-core-3.3.3.jar;C:\Users\Sonia Gabriela\.m2\repository\javax\xml\bind\jaxb-api\2.3.1\jaxb-api-2.3.1.jar;C:\Users\Sonia Gabriela\.m2\repository\javax\activation\javax.activation-api\1.2.0\javax.activation-api-1.2.0.jar;C:\Users\Sonia Gabriela\.m2\repository\com\sun\xml\bind\jaxb-core\2.3.0.1\jaxb-core-2.3.0.1.jar;C:\Users\Sonia Gabriela\.m2\repository\com\sun\xml\bind\jaxb-impl\2.3.3\jaxb-impl-2.3.3.jar;C:\Users\Sonia Gabriela\.m2\repository\com\sun\activation\jakarta.activation\1.2.2\jakarta.activation-1.2.2.jar;C:\Users\Sonia Gabriela\.m2\repository\javax\activation\activation\1.1.1\activation-1.1.1.jar;C:\Users\Sonia Gabriela\.m2\repository\net\serenity-bdd\serenity-junit\2.4.51\serenity-junit-2.4.51.jar;C:\Users\Sonia Gabriela\.m2\repository\net\serenity-bdd\serenity-rest-assured\2.4.51\serenity-rest-assured-2.4.51.jar;C:\Users\Sonia Gabriela\.m2\repository\org\codehaus\groovy\groovy-json\3.0.8\groovy-json-3.0.8.jar;C:\Users\Sonia Gabriela\.m2\repository\org\opentest4j\opentest4j\1.2.0\opentest4j-1.2.0.jar;C:\Users\Sonia Gabriela\.m2\repository\net\serenity-bdd\serenity-screenplay\2.4.51\serenity-screenplay-2.4.51.jar;C:\Users\Sonia Gabriela\.m2\repository\net\serenity-bdd\serenity-screenplay-rest\2.4.51\serenity-screenplay-rest-2.4.51.jar;C:\Users\Sonia Gabriela\.m2\repository\net\serenity-bdd\serenity-cucumber6\2.4.51\serenity-cucumber6-2.4.51.jar;C:\Users\Sonia Gabriela\.m2\repository\net\serenity-bdd\serenity-screenplay-webdriver\2.4.51\serenity-screenplay-webdriver-2.4.51.jar;C:\Users\Sonia Gabriela\.m2\repository\io\cucumber\cucumber-java\6.10.4\cucumber-java-6.10.4.jar;C:\Users\Sonia Gabriela\.m2\repository\org\apiguardian\apiguardian-api\1.1.1\apiguardian-api-1.1.1.jar;C:\Users\Sonia Gabriela\.m2\repository\io\cucumber\cucumber-junit\6.10.4\cucumber-junit-6.10.4.jar;C:\Users\Sonia Gabriela\.m2\repository\io\cucumber\datatable-matchers\3.4.0\datatable-matchers-3.4.0.jar;C:\Users\Sonia Gabriela\.m2\repository\io\cucumber\datatable\3.4.0\datatable-3.4.0.jar;C:\Users\Sonia Gabriela\.m2\repository\commons-logging\commons-logging\1.2\commons-logging-1.2.jar;C:\Users\Sonia Gabriela\.m2\repository\org\apache\commons\commons-csv\1.5\commons-csv-1.5.jar;C:\Users\Sonia Gabriela\.m2\repository\io\rest-assured\rest-assured\4.3.2\rest-assured-4.3.2.jar;C:\Users\Sonia Gabriela\.m2\repository\org\apache\httpcomponents\httpclient\4.5.3\httpclient-4.5.3.jar;C:\Users\Sonia Gabriela\.m2\repository\org\apache\httpcomponents\httpcore\4.4.6\httpcore-4.4.6.jar;C:\Users\Sonia Gabriela\.m2\repository\org\apache\httpcomponents\httpmime\4.5.3\httpmime-4.5.3.jar;C:\Users\Sonia Gabriela\.m2\repository\org\ccil\cowan\tagsoup\tagsoup\1.2.1\tagsoup-1.2.1.jar;C:\Users\Sonia Gabriela\.m2\repository\io\rest-assured\json-path\4.3.3\json-path-4.3.3.jar;C:\Users\Sonia Gabriela\.m2\repository\io\rest-assured\rest-assured-common\4.3.3\rest-assured-common-4.3.3.jar;C:\Users\Sonia Gabriela\.m2\repository\io\rest-assured\xml-path\4.3.3\xml-path-4.3.3.jar;C:\Users\Sonia Gabriela\.m2\repository\jakarta\xml\bind\jakarta.xml.bind-api\2.3.3\jakarta.xml.bind-api-2.3.3.jar;C:\Users\Sonia Gabriela\.m2\repository\jakarta\activation\jakarta.activation-api\1.2.2\jakarta.activation-api-1.2.2.jar;C:\Users\Sonia Gabriela\.m2\repository\org\codehaus\groovy\groovy\3.0.6\groovy-3.0.6.jar;C:\Users\Sonia Gabriela\.m2\repository\org\codehaus\groovy\groovy-xml\3.0.6\groovy-xml-3.0.6.jar;C:\Users\Sonia Gabriela\.m2\repository\junit\junit\4.13.1\junit-4.13.1.jar;C:\Users\Sonia Gabriela\.m2\repository\org\hamcrest\hamcrest-core\1.3\hamcrest-core-1.3.jar;C:\Users\Sonia Gabriela\.m2\repository\org\assertj\assertj-core\3.6.2\assertj-core-3.6.2.jar;C:\Users\Sonia Gabriela\.m2\repository\org\hamcrest\hamcrest\2.2\hamcrest-2.2.jar;"/>
    <property name="sun.cpu.endian" value="little"/>
    <property name="user.home" value="C:\Users\Sonia Gabriela"/>
    <property name="user.language" value="es"/>
    <property name="java.specification.vendor" value="Oracle Corporation"/>
    <property name="java.home" value="C:\Program Files\Java\jdk-1.8\jre"/>
    <property name="basedir" value="C:\Users\Sonia Gabriela\Desktop\AutomationAPI\AutomatizacionAPI"/>
    <property name="file.separator" value="\"/>
    <property name="line.separator" value="&#10;"/>
    <property name="java.vm.specification.vendor" value="Oracle Corporation"/>
    <property name="java.specification.name" value="Java Platform API Specification"/>
    <property name="java.awt.graphicsenv" value="sun.awt.Win32GraphicsEnvironment"/>
    <property name="surefire.real.class.path" value="C:\Users\Sonia Gabriela\AppData\Local\Temp\surefire8687141780343795710\surefirebooter4837417448524069629.jar"/>
    <property name="sun.boot.class.path" value="C:\Program Files\Java\jdk-1.8\jre\lib\resources.jar;C:\Program Files\Java\jdk-1.8\jre\lib\rt.jar;C:\Program Files\Java\jdk-1.8\jre\lib\jsse.jar;C:\Program Files\Java\jdk-1.8\jre\lib\jce.jar;C:\Program Files\Java\jdk-1.8\jre\lib\charsets.jar;C:\Program Files\Java\jdk-1.8\jre\lib\jfr.jar;C:\Program Files\Java\jdk-1.8\jre\classes"/>
    <property name="user.script" value=""/>
    <property name="sun.management.compiler" value="HotSpot 64-Bit Tiered Compilers"/>
    <property name="java.runtime.version" value="1.8.0_421-b09"/>
    <property name="user.name" value="Sonia Gabriela"/>
    <property name="path.separator" value=";"/>
    <property name="os.version" value="10.0"/>
    <property name="java.endorsed.dirs" value="C:\Program Files\Java\jdk-1.8\jre\lib\endorsed"/>
    <property name="java.runtime.name" value="Java(TM) SE Runtime Environment"/>
    <property name="file.encoding" value="Cp1252"/>
    <property name="webdriver.base.url" value=""/>
    <property name="java.vm.name" value="Java HotSpot(TM) 64-Bit Server VM"/>
    <property name="localRepository" value="C:\Users\Sonia Gabriela\.m2\repository"/>
    <property name="java.vendor.url.bug" value="http://bugreport.sun.com/bugreport/"/>
    <property name="java.io.tmpdir" value="C:\Users\SONIAG~1\AppData\Local\Temp\"/>
    <property name="idea.version" value="2024.2"/>
    <property name="cucumber.filter.tags" value="@Feature"/>
    <property name="java.version" value="1.8.0_421"/>
    <property name="user.dir" value="C:\Users\Sonia Gabriela\Desktop\AutomationAPI\AutomatizacionAPI"/>
    <property name="os.arch" value="amd64"/>
    <property name="java.vm.specification.name" value="Java Virtual Machine Specification"/>
    <property name="java.awt.printerjob" value="sun.awt.windows.WPrinterJob"/>
    <property name="sun.os.patch.level" value=""/>
    <property name="java.library.path" value="C:\Program Files\Java\jdk-1.8\jre\bin;C:\Windows\Sun\Java\bin;C:\Windows\system32;C:\Windows;C:\Program Files (x86)\Common Files\Oracle\Java\java8path;C:\Program Files (x86)\Common Files\Oracle\Java\javapath;C:\Windows\system32;C:\Windows;C:\Windows\System32\Wbem;C:\Windows\System32\WindowsPowerShell\v1.0\;C:\Windows\System32\OpenSSH\;C:\Program Files\Java\jdk-1.8\bin;C:\Programas\apache-maven-3.9.8\bin;C:\Program Files\Git\cmd;C:\Program Files\nodejs\;C:\Users\Sonia Gabriela\AppData\Local\Microsoft\WindowsApps;C:\Users\Sonia Gabriela\AppData\Roaming\npm;C:\AndroidADB;;."/>
    <property name="java.vm.info" value="mixed mode"/>
    <property name="java.vendor" value="Oracle Corporation"/>
    <property name="java.vm.version" value="25.421-b09"/>
    <property name="java.specification.maintenance.version" value="5"/>
    <property name="java.ext.dirs" value="C:\Program Files\Java\jdk-1.8\jre\lib\ext;C:\Windows\Sun\Java\lib\ext"/>
    <property name="sun.io.unicode.encoding" value="UnicodeLittle"/>
    <property name="java.class.version" value="52.0"/>
  </properties>
  <testcase name="Realizar un Pedido //POST #1" classname="Crear y Buscar Pedidos de PetStore" time="4.036">
    <system-out><![CDATA[00:51:54.621 [main] DEBUG net.thucydides.core.util.PropertiesFileLocalPreferences - LOADING LOCAL PROPERTIES FROM C:\Users\Sonia Gabriela\Desktop\AutomationAPI\AutomatizacionAPI\serenity.properties 

00:51:54.643 [main] DEBUG net.thucydides.core.util.PropertiesFileLocalPreferences - LOADING LOCAL PROPERTIES FROM C:\Users\Sonia Gabriela\Desktop\AutomationAPI\AutomatizacionAPI\serenity.properties 

00:51:54.644 [main] DEBUG net.thucydides.core.util.PropertiesFileLocalPreferences - LOADING LOCAL PROPERTIES FROM C:\Users\Sonia Gabriela\Desktop\AutomationAPI\AutomatizacionAPI\serenity.properties 

00:51:54.652 [main] DEBUG net.thucydides.core.util.PropertiesFileLocalPreferences - serenity.project.name=Serenity and Cucumber QA Innovation Lab

00:51:55.068 [pool-2-thread-1] INFO io.cucumber.core.plugin.SerenityReporter - Running feature from classpath:features/GET_POST.feature

00:51:55.201 [pool-2-thread-1] DEBUG net.thucydides.core.util.PropertiesFileLocalPreferences - LOADING LOCAL PROPERTIES FROM C:\Users\Sonia Gabriela\Desktop\AutomationAPI\AutomatizacionAPI\serenity.properties 

00:51:55.208 [pool-2-thread-1] DEBUG net.thucydides.core.util.PropertiesFileLocalPreferences - LOADING LOCAL PROPERTIES FROM C:\Users\Sonia Gabriela\Desktop\AutomationAPI\AutomatizacionAPI\serenity.properties 

00:51:55.208 [pool-2-thread-1] DEBUG net.thucydides.core.util.PropertiesFileLocalPreferences - LOADING LOCAL PROPERTIES FROM C:\Users\Sonia Gabriela\Desktop\AutomationAPI\AutomatizacionAPI\serenity.properties 

00:51:55.209 [pool-2-thread-1] DEBUG net.thucydides.core.util.PropertiesFileLocalPreferences - serenity.project.name=Serenity and Cucumber QA Innovation Lab

00:51:55.224 [pool-2-thread-1] INFO  - 

-------------------------------------------------------------------------------------
     _______. _______ .______       _______ .__   __.  __  .___________.____    ____ 
    /       ||   ____||   _  \     |   ____||  \ |  | |  | |           |\   \  /   / 
   |   (----`|  |__   |  |_)  |    |  |__   |   \|  | |  | `---|  |----` \   \/   /  
    \   \    |   __|  |      /     |   __|  |  . `  | |  |     |  |       \_    _/   
.----)   |   |  |____ |  |\  \----.|  |____ |  |\   | |  |     |  |         |  |     
|_______/    |_______|| _| `._____||_______||__| \__| |__|     |__|         |__|    
                                                                                     
 News and tutorials at http://www.serenity-bdd.info                                  
 Documentation at https://wakaleo.gitbooks.io/the-serenity-book/content/             
 Join the Serenity Community on Gitter: https://gitter.im/serenity-bdd/serenity-core 
 Serenity BDD Support and Training at http://serenity-bdd.info/#/trainingandsupport  
-------------------------------------------------------------------------------------


00:51:55.228 [pool-2-thread-1] DEBUG net.thucydides.core.steps.StepEventBus - Test suite started for story net.thucydides.core.model.Story@74366f36

00:51:55.229 [pool-2-thread-1] INFO  - Test Suite Started: Crear y Buscar Pedidos de PetStore



12
 Scenarios (
&amp#27;[32m12 passed&amp#27;[0m
)


66
 Steps (
&amp#27;[32m66 passed&amp#27;[0m
)


0m
10.527s






00:52:05.596 [pool-2-thread-1] DEBUG net.thucydides.core.reports.ReportService - Reporting formats: [JSON, HTML]

00:52:05.664 [pool-2-thread-1] DEBUG net.thucydides.core.reports.ReportService - Reporting formats: [JSON, HTML]

00:52:05.678 [pool-2-thread-1] DEBUG net.thucydides.core.reports.ReportService - Generating reports for 2 test outcomes using: net.thucydides.core.reports.json.JSONTestOutcomeReporter@5875cb0b

00:52:05.679 [pool-2-thread-2] DEBUG net.thucydides.core.reports.ReportService - Processing test outcome Crear y Buscar Pedidos de PetStore:Buscar Pedido //GET

00:52:05.679 [pool-2-thread-2] INFO net.thucydides.core.reports.ReportService - net.thucydides.core.reports.json.JSONTestOutcomeReporter@5875cb0b: Generating report for test outcome: Crear y Buscar Pedidos de PetStore:Buscar Pedido //GET

00:52:05.679 [pool-2-thread-1] DEBUG net.thucydides.core.reports.ReportService - Processing test outcome Crear y Buscar Pedidos de PetStore:Realizar un Pedido //POST

00:52:05.679 [pool-2-thread-1] INFO net.thucydides.core.reports.ReportService - net.thucydides.core.reports.json.JSONTestOutcomeReporter@5875cb0b: Generating report for test outcome: Crear y Buscar Pedidos de PetStore:Realizar un Pedido //POST

00:52:05.687 [pool-2-thread-1] DEBUG net.thucydides.core.reports.json.JSONTestOutcomeReporter - Generating JSON report for Realizar un Pedido //POST to file C:\Users\Sonia Gabriela\Desktop\AutomationAPI\AutomatizacionAPI\target\site\serenity\bdb053935def29ad05e887547756a49c7e72f6108f8dbda4f4ee207e4bc93828.json (using temp file C:\Users\Sonia Gabriela\Desktop\AutomationAPI\AutomatizacionAPI\target\site\serenity\bdb053935def29ad05e887547756a49c7e72f6108f8dbda4f4ee207e4bc93828.json55b55052-3260-4339-81a2-47d396f42822)

00:52:05.687 [pool-2-thread-2] DEBUG net.thucydides.core.reports.json.JSONTestOutcomeReporter - Generating JSON report for Buscar Pedido //GET to file C:\Users\Sonia Gabriela\Desktop\AutomationAPI\AutomatizacionAPI\target\site\serenity\8f5197a85b3345282de48293a110729b404ef83c22bb6b2dbc017229b9c504ac.json (using temp file C:\Users\Sonia Gabriela\Desktop\AutomationAPI\AutomatizacionAPI\target\site\serenity\8f5197a85b3345282de48293a110729b404ef83c22bb6b2dbc017229b9c504ac.jsonf2de9bd7-96f9-4e03-934b-66fbe098eee3)

00:52:05.756 [pool-2-thread-2] DEBUG net.thucydides.core.reports.ReportService - Processing test outcome Crear y Buscar Pedidos de PetStore:Buscar Pedido //GET done

00:52:05.757 [pool-2-thread-1] DEBUG net.thucydides.core.reports.ReportService - Processing test outcome Crear y Buscar Pedidos de PetStore:Realizar un Pedido //POST done

00:52:05.757 [pool-2-thread-1] DEBUG net.thucydides.core.reports.ReportService - Shutting down executor service

00:52:05.757 [pool-2-thread-1] DEBUG net.thucydides.core.reports.ReportService - Reports generated in: 79 ms

00:52:05.757 [pool-2-thread-1] DEBUG net.thucydides.core.reports.ReportService - Generating reports for 2 test outcomes using: net.thucydides.core.reports.html.HtmlAcceptanceTestReporter@575d3fa1

00:52:05.758 [pool-3-thread-2] DEBUG net.thucydides.core.reports.ReportService - Processing test outcome Crear y Buscar Pedidos de PetStore:Buscar Pedido //GET

00:52:05.758 [pool-3-thread-1] DEBUG net.thucydides.core.reports.ReportService - Processing test outcome Crear y Buscar Pedidos de PetStore:Realizar un Pedido //POST

00:52:05.758 [pool-3-thread-2] INFO net.thucydides.core.reports.ReportService - net.thucydides.core.reports.html.HtmlAcceptanceTestReporter@575d3fa1: Generating report for test outcome: Crear y Buscar Pedidos de PetStore:Buscar Pedido //GET

00:52:05.758 [pool-3-thread-1] INFO net.thucydides.core.reports.ReportService - net.thucydides.core.reports.html.HtmlAcceptanceTestReporter@575d3fa1: Generating report for test outcome: Crear y Buscar Pedidos de PetStore:Realizar un Pedido //POST

00:52:05.800 [pool-3-thread-2] DEBUG net.thucydides.core.requirements.model.cucumber.CucumberParser - Added feature Crear y Buscar Pedidos de PetStore

00:52:05.807 [pool-3-thread-1] DEBUG net.thucydides.core.requirements.BaseRequirementsService - Requirement found for test outcome Realizar un Pedido //POST-[]: Optional[Requirement{name='Crear y Buscar Pedidos de PetStore', type='feature' parent = 'null', cardNumber='null'}]

00:52:05.807 [pool-3-thread-2] DEBUG net.thucydides.core.requirements.BaseRequirementsService - Requirement found for test outcome Buscar Pedido //GET-[]: Optional[Requirement{name='Crear y Buscar Pedidos de PetStore', type='feature' parent = 'null', cardNumber='null'}]

00:52:05.808 [pool-3-thread-1] DEBUG net.thucydides.core.requirements.BaseRequirementsService - Requirement found for test outcome Realizar un Pedido //POST-[]: Optional[Requirement{name='Crear y Buscar Pedidos de PetStore', type='feature' parent = 'null', cardNumber='null'}]

00:52:05.808 [pool-3-thread-2] DEBUG net.thucydides.core.requirements.BaseRequirementsService - Requirement found for test outcome Buscar Pedido //GET-[]: Optional[Requirement{name='Crear y Buscar Pedidos de PetStore', type='feature' parent = 'null', cardNumber='null'}]

00:52:06.304 [pool-3-thread-2] DEBUG serenity.reporting - Generating report in 8f5197a85b3345282de48293a110729b404ef83c22bb6b2dbc017229b9c504ac.html

00:52:06.304 [pool-3-thread-1] DEBUG serenity.reporting - Generating report in bdb053935def29ad05e887547756a49c7e72f6108f8dbda4f4ee207e4bc93828.html

00:52:06.688 [pool-3-thread-2] DEBUG serenity.reporting - Generated report 8f5197a85b3345282de48293a110729b404ef83c22bb6b2dbc017229b9c504ac.html in 384 ms

00:52:06.689 [pool-3-thread-2] DEBUG net.thucydides.core.reports.ReportService - Processing test outcome Crear y Buscar Pedidos de PetStore:Buscar Pedido //GET done

00:52:06.690 [pool-3-thread-1] DEBUG serenity.reporting - Generated report bdb053935def29ad05e887547756a49c7e72f6108f8dbda4f4ee207e4bc93828.html in 386 ms

00:52:06.690 [pool-3-thread-1] DEBUG net.thucydides.core.reports.ReportService - Processing test outcome Crear y Buscar Pedidos de PetStore:Realizar un Pedido //POST done

00:52:06.690 [pool-2-thread-1] DEBUG net.thucydides.core.reports.ReportService - Shutting down executor service

00:52:06.691 [pool-2-thread-1] DEBUG net.thucydides.core.reports.ReportService - Reports generated in: 933 ms

00:52:06.950 [pool-2-thread-1] INFO io.cucumber.core.plugin.SerenityReporter - Cleanup test resources for URI classpath:features/GET_POST.feature


@Feature @crearPedido
Scenario Outline: Realizar un Pedido //POST                                                                           &amp#27;[90m# features/GET_POST.feature:17&amp#27;[0m
00:51:55.371 [pool-2-thread-1] INFO io.cucumber.core.plugin.SerenityReporter - Running feature from classpath:features/GET_POST.feature
00:51:55.432 [pool-2-thread-1] INFO  - 
  _____   ___   ___   _____     ___   _____     _     ___   _____   ___   ___  
 |_   _| | __| / __| |_   _|   / __| |_   _|   /_\   | _ \ |_   _| | __| |   \ 
   | |   | _|  \__ \   | |     \__ \   | |    / _ \  |   /   | |   | _|  | |) |
   |_|   |___| |___/   |_|     |___/   |_|   /_/ \_\ |_|_\   |_|   |___| |___/ 

Realizar un Pedido //POST(crear-y-buscar-pedidos-de-petstore;realizar-un-pedido-//post)
--------------------------------------------------------------------------------
00:51:55.495 [pool-2-thread-1] DEBUG net.thucydides.core.requirements.model.cucumber.CucumberParser - Added feature Crear y Buscar Pedidos de PetStore
00:51:55.799 [pool-2-thread-1] DEBUG net.thucydides.core.steps.StepInterceptor - STARTING STEP: CrearUsuarioStepsDefs.creoElPedidoConIdPetIdQuantityShipDateStatusComplete - Crear pedido {1} en PetStore
Request method:	POST
Request URI:	https://petstore.swagger.io/v2/store/order
Proxy:			<none>
Request params:	<none>
Query params:	<none>
Form params:	<none>
Path params:	<none>
Headers:		Accept=*/*
				Content-Type=application/json; charset=UTF-8
Cookies:		<none>
Multiparts:		<none>
Body:
{
    "id": 100,
    "petId": 123,
    "quantity": 1,
    "shipDate": "2021-08-25",
    "status": "placed",
    "complete": true
}
HTTP/1.1 200 OK
Date: Mon, 26 Aug 2024 05:51:58 GMT
Content-Type: application/json
Transfer-Encoding: chunked
Connection: keep-alive
Access-Control-Allow-Origin: *
Access-Control-Allow-Methods: GET, POST, DELETE, PUT
Access-Control-Allow-Headers: Content-Type, api_key, Authorization
Server: Jetty(9.2.9.v20150224)

{
    "id": 100,
    "petId": 123,
    "quantity": 1,
    "shipDate": "2021-08-25T00:00:00.000+0000",
    "status": "placed",
    "complete": true
}
00:51:58.576 [pool-2-thread-1] DEBUG net.thucydides.core.steps.StepInterceptor - STEP DONE: Crear pedido {1} en PetStore
  &amp#27;[32mWhen &amp#27;[0m&amp#27;[32mcreo el pedido con id &amp#27;[0m&amp#27;[32m&amp#27;[1m"100"&amp#27;[0m&amp#27;[32m, petId &amp#27;[0m&amp#27;[32m&amp#27;[1m"123"&amp#27;[0m&amp#27;[32m, quantity &amp#27;[0m&amp#27;[32m&amp#27;[1m"1"&amp#27;[0m&amp#27;[32m,shipDate &amp#27;[0m&amp#27;[32m&amp#27;[1m"2021-08-25"&amp#27;[0m&amp#27;[32m, status &amp#27;[0m&amp#27;[32m&amp#27;[1m"placed"&amp#27;[0m&amp#27;[32m, complete &amp#27;[0m&amp#27;[32m&amp#27;[1m"true"&amp#27;[0m &amp#27;[90m# com.nttdata.glue.CrearUsuarioStepsDefs.creoElPedidoConIdPetIdQuantityShipDateStatusComplete(java.lang.String,java.lang.String,java.lang.String,java.lang.String,java.lang.String,java.lang.String)&amp#27;[0m
  &amp#27;[32mThen &amp#27;[0m&amp#27;[32mel cÃ³digo de respuesta es &amp#27;[0m&amp#27;[32m&amp#27;[1m200&amp#27;[0m                                                                                  &amp#27;[90m# com.nttdata.glue.CrearUsuarioStepsDefs.elCÃ³digoDeRespuestaEs(int)&amp#27;[0m
  &amp#27;[32mAnd &amp#27;[0m&amp#27;[32mel id del pedido es &amp#27;[0m&amp#27;[32m&amp#27;[1m"100"&amp#27;[0m                                                                                       &amp#27;[90m# com.nttdata.glue.CrearUsuarioStepsDefs.elIdDelPedidoEs(java.lang.String)&amp#27;[0m
  &amp#27;[32mAnd &amp#27;[0m&amp#27;[32mel Petid del pedido es &amp#27;[0m&amp#27;[32m&amp#27;[1m"123"&amp#27;[0m                                                                                    &amp#27;[90m# com.nttdata.glue.CrearUsuarioStepsDefs.validarPetID(java.lang.String)&amp#27;[0m
  &amp#27;[32mAnd &amp#27;[0m&amp#27;[32mla cantidad del pedido es &amp#27;[0m&amp#27;[32m&amp#27;[1m"1"&amp#27;[0m                                                                                   &amp#27;[90m# com.nttdata.glue.CrearUsuarioStepsDefs.validarQuantity(java.lang.String)&amp#27;[0m
00:51:59.301 [pool-2-thread-1] INFO  - 
  _____   ___   ___   _____     ___     _     ___   ___   ___   ___  
 |_   _| | __| / __| |_   _|   | _ \   /_\   / __| / __| | __| |   \ 
   | |   | _|  \__ \   | |     |  _/  / _ \  \__ \ \__ \ | _|  | |) |
   |_|   |___| |___/   |_|     |_|   /_/ \_\ |___/ |___/ |___| |___/ 

Realizar un Pedido //POST
----------------------------------------------------------------------
]]></system-out>
  </testcase>
  <testcase name="Realizar un Pedido //POST #2" classname="Crear y Buscar Pedidos de PetStore" time="0.593">
    <system-out><![CDATA[
@Feature @crearPedido
Scenario Outline: Realizar un Pedido //POST                                                                           &amp#27;[90m# features/GET_POST.feature:18&amp#27;[0m
00:51:59.308 [pool-2-thread-1] INFO io.cucumber.core.plugin.SerenityReporter - Running feature from classpath:features/GET_POST.feature
00:51:59.318 [pool-2-thread-1] DEBUG net.thucydides.core.steps.StepInterceptor - STARTING STEP: CrearUsuarioStepsDefs.creoElPedidoConIdPetIdQuantityShipDateStatusComplete - Crear pedido {1} en PetStore
Request method:	POST
Request URI:	https://petstore.swagger.io/v2/store/order
Proxy:			<none>
Request params:	<none>
Query params:	<none>
Form params:	<none>
Path params:	<none>
Headers:		Accept=*/*
				Content-Type=application/json; charset=UTF-8
Cookies:		<none>
Multiparts:		<none>
Body:
{
    "id": 101,
    "petId": 456,
    "quantity": 2,
    "shipDate": "2021-08-25",
    "status": "placed",
    "complete": true
}
HTTP/1.1 200 OK
Date: Mon, 26 Aug 2024 05:51:59 GMT
Content-Type: application/json
Transfer-Encoding: chunked
Connection: keep-alive
Access-Control-Allow-Origin: *
Access-Control-Allow-Methods: GET, POST, DELETE, PUT
Access-Control-Allow-Headers: Content-Type, api_key, Authorization
Server: Jetty(9.2.9.v20150224)

{
    "id": 101,
    "petId": 456,
    "quantity": 2,
    "shipDate": "2021-08-25T00:00:00.000+0000",
    "status": "placed",
    "complete": true
}
00:51:59.838 [pool-2-thread-1] DEBUG net.thucydides.core.steps.StepInterceptor - STEP DONE: Crear pedido {1} en PetStore
  &amp#27;[32mWhen &amp#27;[0m&amp#27;[32mcreo el pedido con id &amp#27;[0m&amp#27;[32m&amp#27;[1m"101"&amp#27;[0m&amp#27;[32m, petId &amp#27;[0m&amp#27;[32m&amp#27;[1m"456"&amp#27;[0m&amp#27;[32m, quantity &amp#27;[0m&amp#27;[32m&amp#27;[1m"2"&amp#27;[0m&amp#27;[32m,shipDate &amp#27;[0m&amp#27;[32m&amp#27;[1m"2021-08-25"&amp#27;[0m&amp#27;[32m, status &amp#27;[0m&amp#27;[32m&amp#27;[1m"placed"&amp#27;[0m&amp#27;[32m, complete &amp#27;[0m&amp#27;[32m&amp#27;[1m"true"&amp#27;[0m &amp#27;[90m# com.nttdata.glue.CrearUsuarioStepsDefs.creoElPedidoConIdPetIdQuantityShipDateStatusComplete(java.lang.String,java.lang.String,java.lang.String,java.lang.String,java.lang.String,java.lang.String)&amp#27;[0m
  &amp#27;[32mThen &amp#27;[0m&amp#27;[32mel cÃ³digo de respuesta es &amp#27;[0m&amp#27;[32m&amp#27;[1m200&amp#27;[0m                                                                                  &amp#27;[90m# com.nttdata.glue.CrearUsuarioStepsDefs.elCÃ³digoDeRespuestaEs(int)&amp#27;[0m
  &amp#27;[32mAnd &amp#27;[0m&amp#27;[32mel id del pedido es &amp#27;[0m&amp#27;[32m&amp#27;[1m"101"&amp#27;[0m                                                                                       &amp#27;[90m# com.nttdata.glue.CrearUsuarioStepsDefs.elIdDelPedidoEs(java.lang.String)&amp#27;[0m
  &amp#27;[32mAnd &amp#27;[0m&amp#27;[32mel Petid del pedido es &amp#27;[0m&amp#27;[32m&amp#27;[1m"456"&amp#27;[0m                                                                                    &amp#27;[90m# com.nttdata.glue.CrearUsuarioStepsDefs.validarPetID(java.lang.String)&amp#27;[0m
  &amp#27;[32mAnd &amp#27;[0m&amp#27;[32mla cantidad del pedido es &amp#27;[0m&amp#27;[32m&amp#27;[1m"2"&amp#27;[0m                                                                                   &amp#27;[90m# com.nttdata.glue.CrearUsuarioStepsDefs.validarQuantity(java.lang.String)&amp#27;[0m
00:51:59.897 [pool-2-thread-1] INFO  - 
  _____   ___   ___   _____     ___     _     ___   ___   ___   ___  
 |_   _| | __| / __| |_   _|   | _ \   /_\   / __| / __| | __| |   \ 
   | |   | _|  \__ \   | |     |  _/  / _ \  \__ \ \__ \ | _|  | |) |
   |_|   |___| |___/   |_|     |_|   /_/ \_\ |___/ |___/ |___| |___/ 

Realizar un Pedido //POST
----------------------------------------------------------------------
]]></system-out>
  </testcase>
  <testcase name="Realizar un Pedido //POST #3" classname="Crear y Buscar Pedidos de PetStore" time="0.601">
    <system-out><![CDATA[
@Feature @crearPedido
Scenario Outline: Realizar un Pedido //POST                                                                           &amp#27;[90m# features/GET_POST.feature:19&amp#27;[0m
00:51:59.902 [pool-2-thread-1] INFO io.cucumber.core.plugin.SerenityReporter - Running feature from classpath:features/GET_POST.feature
00:51:59.911 [pool-2-thread-1] DEBUG net.thucydides.core.steps.StepInterceptor - STARTING STEP: CrearUsuarioStepsDefs.creoElPedidoConIdPetIdQuantityShipDateStatusComplete - Crear pedido {1} en PetStore
Request method:	POST
Request URI:	https://petstore.swagger.io/v2/store/order
Proxy:			<none>
Request params:	<none>
Query params:	<none>
Form params:	<none>
Path params:	<none>
Headers:		Accept=*/*
				Content-Type=application/json; charset=UTF-8
Cookies:		<none>
Multiparts:		<none>
Body:
{
    "id": 102,
    "petId": 789,
    "quantity": 5,
    "shipDate": "2021-08-25",
    "status": "placed",
    "complete": true
}
HTTP/1.1 200 OK
Date: Mon, 26 Aug 2024 05:52:00 GMT
Content-Type: application/json
Transfer-Encoding: chunked
Connection: keep-alive
Access-Control-Allow-Origin: *
Access-Control-Allow-Methods: GET, POST, DELETE, PUT
Access-Control-Allow-Headers: Content-Type, api_key, Authorization
Server: Jetty(9.2.9.v20150224)

{
    "id": 102,
    "petId": 789,
    "quantity": 5,
    "shipDate": "2021-08-25T00:00:00.000+0000",
    "status": "placed",
    "complete": true
}
00:52:00.444 [pool-2-thread-1] DEBUG net.thucydides.core.steps.StepInterceptor - STEP DONE: Crear pedido {1} en PetStore
  &amp#27;[32mWhen &amp#27;[0m&amp#27;[32mcreo el pedido con id &amp#27;[0m&amp#27;[32m&amp#27;[1m"102"&amp#27;[0m&amp#27;[32m, petId &amp#27;[0m&amp#27;[32m&amp#27;[1m"789"&amp#27;[0m&amp#27;[32m, quantity &amp#27;[0m&amp#27;[32m&amp#27;[1m"5"&amp#27;[0m&amp#27;[32m,shipDate &amp#27;[0m&amp#27;[32m&amp#27;[1m"2021-08-25"&amp#27;[0m&amp#27;[32m, status &amp#27;[0m&amp#27;[32m&amp#27;[1m"placed"&amp#27;[0m&amp#27;[32m, complete &amp#27;[0m&amp#27;[32m&amp#27;[1m"true"&amp#27;[0m &amp#27;[90m# com.nttdata.glue.CrearUsuarioStepsDefs.creoElPedidoConIdPetIdQuantityShipDateStatusComplete(java.lang.String,java.lang.String,java.lang.String,java.lang.String,java.lang.String,java.lang.String)&amp#27;[0m
  &amp#27;[32mThen &amp#27;[0m&amp#27;[32mel cÃ³digo de respuesta es &amp#27;[0m&amp#27;[32m&amp#27;[1m200&amp#27;[0m                                                                                  &amp#27;[90m# com.nttdata.glue.CrearUsuarioStepsDefs.elCÃ³digoDeRespuestaEs(int)&amp#27;[0m
  &amp#27;[32mAnd &amp#27;[0m&amp#27;[32mel id del pedido es &amp#27;[0m&amp#27;[32m&amp#27;[1m"102"&amp#27;[0m                                                                                       &amp#27;[90m# com.nttdata.glue.CrearUsuarioStepsDefs.elIdDelPedidoEs(java.lang.String)&amp#27;[0m
  &amp#27;[32mAnd &amp#27;[0m&amp#27;[32mel Petid del pedido es &amp#27;[0m&amp#27;[32m&amp#27;[1m"789"&amp#27;[0m                                                                                    &amp#27;[90m# com.nttdata.glue.CrearUsuarioStepsDefs.validarPetID(java.lang.String)&amp#27;[0m
  &amp#27;[32mAnd &amp#27;[0m&amp#27;[32mla cantidad del pedido es &amp#27;[0m&amp#27;[32m&amp#27;[1m"5"&amp#27;[0m                                                                                   &amp#27;[90m# com.nttdata.glue.CrearUsuarioStepsDefs.validarQuantity(java.lang.String)&amp#27;[0m
]]></system-out>
  </testcase>
  <testcase name="Realizar un Pedido //POST #4" classname="Crear y Buscar Pedidos de PetStore" time="0.582">
    <system-out><![CDATA[
@Feature @crearPedido
Scenario Outline: Realizar un Pedido //POST                                                                           &amp#27;[90m# features/GET_POST.feature:20&amp#27;[0m
00:52:00.502 [pool-2-thread-1] INFO io.cucumber.core.plugin.SerenityReporter - Running feature from classpath:features/GET_POST.feature
00:52:00.509 [pool-2-thread-1] DEBUG net.thucydides.core.steps.StepInterceptor - STARTING STEP: CrearUsuarioStepsDefs.creoElPedidoConIdPetIdQuantityShipDateStatusComplete - Crear pedido {1} en PetStore
Request method:	POST
Request URI:	https://petstore.swagger.io/v2/store/order
Proxy:			<none>
Request params:	<none>
Query params:	<none>
Form params:	<none>
Path params:	<none>
Headers:		Accept=*/*
				Content-Type=application/json; charset=UTF-8
Cookies:		<none>
Multiparts:		<none>
Body:
{
    "id": 103,
    "petId": 111,
    "quantity": 8,
    "shipDate": "2021-08-25",
    "status": "placed",
    "complete": true
}
HTTP/1.1 200 OK
Date: Mon, 26 Aug 2024 05:52:00 GMT
Content-Type: application/json
Transfer-Encoding: chunked
Connection: keep-alive
Access-Control-Allow-Origin: *
Access-Control-Allow-Methods: GET, POST, DELETE, PUT
Access-Control-Allow-Headers: Content-Type, api_key, Authorization
Server: Jetty(9.2.9.v20150224)

{
    "id": 103,
    "petId": 111,
    "quantity": 8,
    "shipDate": "2021-08-25T00:00:00.000+0000",
    "status": "placed",
    "complete": true
}
00:52:01.028 [pool-2-thread-1] DEBUG net.thucydides.core.steps.StepInterceptor - STEP DONE: Crear pedido {1} en PetStore
  &amp#27;[32mWhen &amp#27;[0m&amp#27;[32mcreo el pedido con id &amp#27;[0m&amp#27;[32m&amp#27;[1m"103"&amp#27;[0m&amp#27;[32m, petId &amp#27;[0m&amp#27;[32m&amp#27;[1m"111"&amp#27;[0m&amp#27;[32m, quantity &amp#27;[0m&amp#27;[32m&amp#27;[1m"8"&amp#27;[0m&amp#27;[32m,shipDate &amp#27;[0m&amp#27;[32m&amp#27;[1m"2021-08-25"&amp#27;[0m&amp#27;[32m, status &amp#27;[0m&amp#27;[32m&amp#27;[1m"placed"&amp#27;[0m&amp#27;[32m, complete &amp#27;[0m&amp#27;[32m&amp#27;[1m"true"&amp#27;[0m &amp#27;[90m# com.nttdata.glue.CrearUsuarioStepsDefs.creoElPedidoConIdPetIdQuantityShipDateStatusComplete(java.lang.String,java.lang.String,java.lang.String,java.lang.String,java.lang.String,java.lang.String)&amp#27;[0m
  &amp#27;[32mThen &amp#27;[0m&amp#27;[32mel cÃ³digo de respuesta es &amp#27;[0m&amp#27;[32m&amp#27;[1m200&amp#27;[0m                                                                                  &amp#27;[90m# com.nttdata.glue.CrearUsuarioStepsDefs.elCÃ³digoDeRespuestaEs(int)&amp#27;[0m
  &amp#27;[32mAnd &amp#27;[0m&amp#27;[32mel id del pedido es &amp#27;[0m&amp#27;[32m&amp#27;[1m"103"&amp#27;[0m                                                                                       &amp#27;[90m# com.nttdata.glue.CrearUsuarioStepsDefs.elIdDelPedidoEs(java.lang.String)&amp#27;[0m
  &amp#27;[32mAnd &amp#27;[0m&amp#27;[32mel Petid del pedido es &amp#27;[0m&amp#27;[32m&amp#27;[1m"111"&amp#27;[0m                                                                                    &amp#27;[90m# com.nttdata.glue.CrearUsuarioStepsDefs.validarPetID(java.lang.String)&amp#27;[0m
  &amp#27;[32mAnd &amp#27;[0m&amp#27;[32mla cantidad del pedido es &amp#27;[0m&amp#27;[32m&amp#27;[1m"8"&amp#27;[0m                                                                                   &amp#27;[90m# com.nttdata.glue.CrearUsuarioStepsDefs.validarQuantity(java.lang.String)&amp#27;[0m
]]></system-out>
  </testcase>
  <testcase name="Realizar un Pedido //POST #5" classname="Crear y Buscar Pedidos de PetStore" time="0.569">
    <system-out><![CDATA[
@Feature @crearPedido
Scenario Outline: Realizar un Pedido //POST                                                                           &amp#27;[90m# features/GET_POST.feature:21&amp#27;[0m
00:52:01.084 [pool-2-thread-1] INFO io.cucumber.core.plugin.SerenityReporter - Running feature from classpath:features/GET_POST.feature
00:52:01.091 [pool-2-thread-1] DEBUG net.thucydides.core.steps.StepInterceptor - STARTING STEP: CrearUsuarioStepsDefs.creoElPedidoConIdPetIdQuantityShipDateStatusComplete - Crear pedido {1} en PetStore
Request method:	POST
Request URI:	https://petstore.swagger.io/v2/store/order
Proxy:			<none>
Request params:	<none>
Query params:	<none>
Form params:	<none>
Path params:	<none>
Headers:		Accept=*/*
				Content-Type=application/json; charset=UTF-8
Cookies:		<none>
Multiparts:		<none>
Body:
{
    "id": 104,
    "petId": 222,
    "quantity": 3,
    "shipDate": "2021-08-25",
    "status": "placed",
    "complete": true
}
HTTP/1.1 200 OK
Date: Mon, 26 Aug 2024 05:52:01 GMT
Content-Type: application/json
Transfer-Encoding: chunked
Connection: keep-alive
Access-Control-Allow-Origin: *
Access-Control-Allow-Methods: GET, POST, DELETE, PUT
Access-Control-Allow-Headers: Content-Type, api_key, Authorization
Server: Jetty(9.2.9.v20150224)

{
    "id": 104,
    "petId": 222,
    "quantity": 3,
    "shipDate": "2021-08-25T00:00:00.000+0000",
    "status": "placed",
    "complete": true
}
00:52:01.599 [pool-2-thread-1] DEBUG net.thucydides.core.steps.StepInterceptor - STEP DONE: Crear pedido {1} en PetStore
  &amp#27;[32mWhen &amp#27;[0m&amp#27;[32mcreo el pedido con id &amp#27;[0m&amp#27;[32m&amp#27;[1m"104"&amp#27;[0m&amp#27;[32m, petId &amp#27;[0m&amp#27;[32m&amp#27;[1m"222"&amp#27;[0m&amp#27;[32m, quantity &amp#27;[0m&amp#27;[32m&amp#27;[1m"3"&amp#27;[0m&amp#27;[32m,shipDate &amp#27;[0m&amp#27;[32m&amp#27;[1m"2021-08-25"&amp#27;[0m&amp#27;[32m, status &amp#27;[0m&amp#27;[32m&amp#27;[1m"placed"&amp#27;[0m&amp#27;[32m, complete &amp#27;[0m&amp#27;[32m&amp#27;[1m"true"&amp#27;[0m &amp#27;[90m# com.nttdata.glue.CrearUsuarioStepsDefs.creoElPedidoConIdPetIdQuantityShipDateStatusComplete(java.lang.String,java.lang.String,java.lang.String,java.lang.String,java.lang.String,java.lang.String)&amp#27;[0m
  &amp#27;[32mThen &amp#27;[0m&amp#27;[32mel cÃ³digo de respuesta es &amp#27;[0m&amp#27;[32m&amp#27;[1m200&amp#27;[0m                                                                                  &amp#27;[90m# com.nttdata.glue.CrearUsuarioStepsDefs.elCÃ³digoDeRespuestaEs(int)&amp#27;[0m
  &amp#27;[32mAnd &amp#27;[0m&amp#27;[32mel id del pedido es &amp#27;[0m&amp#27;[32m&amp#27;[1m"104"&amp#27;[0m                                                                                       &amp#27;[90m# com.nttdata.glue.CrearUsuarioStepsDefs.elIdDelPedidoEs(java.lang.String)&amp#27;[0m
  &amp#27;[32mAnd &amp#27;[0m&amp#27;[32mel Petid del pedido es &amp#27;[0m&amp#27;[32m&amp#27;[1m"222"&amp#27;[0m                                                                                    &amp#27;[90m# com.nttdata.glue.CrearUsuarioStepsDefs.validarPetID(java.lang.String)&amp#27;[0m
  &amp#27;[32mAnd &amp#27;[0m&amp#27;[32mla cantidad del pedido es &amp#27;[0m&amp#27;[32m&amp#27;[1m"3"&amp#27;[0m                                                                                   &amp#27;[90m# com.nttdata.glue.CrearUsuarioStepsDefs.validarQuantity(java.lang.String)&amp#27;[0m
]]></system-out>
  </testcase>
  <testcase name="Realizar un Pedido //POST #6" classname="Crear y Buscar Pedidos de PetStore" time="0.569">
    <system-out><![CDATA[
@Feature @crearPedido
Scenario Outline: Realizar un Pedido //POST                                                                           &amp#27;[90m# features/GET_POST.feature:22&amp#27;[0m
00:52:01.654 [pool-2-thread-1] INFO io.cucumber.core.plugin.SerenityReporter - Running feature from classpath:features/GET_POST.feature
00:52:01.663 [pool-2-thread-1] DEBUG net.thucydides.core.steps.StepInterceptor - STARTING STEP: CrearUsuarioStepsDefs.creoElPedidoConIdPetIdQuantityShipDateStatusComplete - Crear pedido {1} en PetStore
Request method:	POST
Request URI:	https://petstore.swagger.io/v2/store/order
Proxy:			<none>
Request params:	<none>
Query params:	<none>
Form params:	<none>
Path params:	<none>
Headers:		Accept=*/*
				Content-Type=application/json; charset=UTF-8
Cookies:		<none>
Multiparts:		<none>
Body:
{
    "id": 105,
    "petId": 222,
    "quantity": 3,
    "shipDate": "2021-08-25",
    "status": "placed",
    "complete": true
}
HTTP/1.1 200 OK
Date: Mon, 26 Aug 2024 05:52:01 GMT
Content-Type: application/json
Transfer-Encoding: chunked
Connection: keep-alive
Access-Control-Allow-Origin: *
Access-Control-Allow-Methods: GET, POST, DELETE, PUT
Access-Control-Allow-Headers: Content-Type, api_key, Authorization
Server: Jetty(9.2.9.v20150224)

{
    "id": 105,
    "petId": 222,
    "quantity": 3,
    "shipDate": "2021-08-25T00:00:00.000+0000",
    "status": "placed",
    "complete": true
}
00:52:02.168 [pool-2-thread-1] DEBUG net.thucydides.core.steps.StepInterceptor - STEP DONE: Crear pedido {1} en PetStore
  &amp#27;[32mWhen &amp#27;[0m&amp#27;[32mcreo el pedido con id &amp#27;[0m&amp#27;[32m&amp#27;[1m"105"&amp#27;[0m&amp#27;[32m, petId &amp#27;[0m&amp#27;[32m&amp#27;[1m"222"&amp#27;[0m&amp#27;[32m, quantity &amp#27;[0m&amp#27;[32m&amp#27;[1m"3"&amp#27;[0m&amp#27;[32m,shipDate &amp#27;[0m&amp#27;[32m&amp#27;[1m"2021-08-25"&amp#27;[0m&amp#27;[32m, status &amp#27;[0m&amp#27;[32m&amp#27;[1m"placed"&amp#27;[0m&amp#27;[32m, complete &amp#27;[0m&amp#27;[32m&amp#27;[1m"true"&amp#27;[0m &amp#27;[90m# com.nttdata.glue.CrearUsuarioStepsDefs.creoElPedidoConIdPetIdQuantityShipDateStatusComplete(java.lang.String,java.lang.String,java.lang.String,java.lang.String,java.lang.String,java.lang.String)&amp#27;[0m
  &amp#27;[32mThen &amp#27;[0m&amp#27;[32mel cÃ³digo de respuesta es &amp#27;[0m&amp#27;[32m&amp#27;[1m200&amp#27;[0m                                                                                  &amp#27;[90m# com.nttdata.glue.CrearUsuarioStepsDefs.elCÃ³digoDeRespuestaEs(int)&amp#27;[0m
  &amp#27;[32mAnd &amp#27;[0m&amp#27;[32mel id del pedido es &amp#27;[0m&amp#27;[32m&amp#27;[1m"105"&amp#27;[0m                                                                                       &amp#27;[90m# com.nttdata.glue.CrearUsuarioStepsDefs.elIdDelPedidoEs(java.lang.String)&amp#27;[0m
  &amp#27;[32mAnd &amp#27;[0m&amp#27;[32mel Petid del pedido es &amp#27;[0m&amp#27;[32m&amp#27;[1m"222"&amp#27;[0m                                                                                    &amp#27;[90m# com.nttdata.glue.CrearUsuarioStepsDefs.validarPetID(java.lang.String)&amp#27;[0m
  &amp#27;[32mAnd &amp#27;[0m&amp#27;[32mla cantidad del pedido es &amp#27;[0m&amp#27;[32m&amp#27;[1m"3"&amp#27;[0m                                                                                   &amp#27;[90m# com.nttdata.glue.CrearUsuarioStepsDefs.validarQuantity(java.lang.String)&amp#27;[0m
]]></system-out>
  </testcase>
  <testcase name="Buscar Pedido //GET #1" classname="Crear y Buscar Pedidos de PetStore" time="0.589">
    <system-out><![CDATA[
@Feature @BuscarPedido
Scenario Outline: Buscar Pedido //GET                                            &amp#27;[90m# features/GET_POST.feature:36&amp#27;[0m
00:52:02.224 [pool-2-thread-1] INFO io.cucumber.core.plugin.SerenityReporter - Running feature from classpath:features/GET_POST.feature
00:52:02.225 [pool-2-thread-1] INFO  - 
  _____   ___   ___   _____     ___   _____     _     ___   _____   ___   ___  
 |_   _| | __| / __| |_   _|   / __| |_   _|   /_\   | _ \ |_   _| | __| |   \ 
   | |   | _|  \__ \   | |     \__ \   | |    / _ \  |   /   | |   | _|  | |) |
   |_|   |___| |___/   |_|     |___/   |_|   /_/ \_\ |_|_\   |_|   |___| |___/ 

Buscar Pedido //GET(crear-y-buscar-pedidos-de-petstore;buscar-pedido-//get)
--------------------------------------------------------------------------------
  &amp#27;[32mGiven &amp#27;[0m&amp#27;[32mel usuario ingresa a la url &amp#27;[0m&amp#27;[32m&amp#27;[1m"https://petstore.swagger.io/v2/store/order"&amp#27;[0m &amp#27;[90m# com.nttdata.glue.CrearUsuarioStepsDefs.elUsuarioIngresaALaUrl(java.lang.String)&amp#27;[0m
Request method:	GET
Request URI:	https://petstore.swagger.io/v2/store/order/100
Proxy:			<none>
Request params:	<none>
Query params:	<none>
Form params:	<none>
Path params:	<none>
Headers:		Accept=*/*
				Content-Type=application/json; charset=UTF-8
Cookies:		<none>
Multiparts:		<none>
Body:			<none>
HTTP/1.1 200 OK
Date: Mon, 26 Aug 2024 05:52:02 GMT
Content-Type: application/json
Transfer-Encoding: chunked
Connection: keep-alive
Access-Control-Allow-Origin: *
Access-Control-Allow-Methods: GET, POST, DELETE, PUT
Access-Control-Allow-Headers: Content-Type, api_key, Authorization
Server: Jetty(9.2.9.v20150224)

{
    "id": 100,
    "petId": 123,
    "quantity": 1,
    "shipDate": "2021-08-25T00:00:00.000+0000",
    "status": "placed",
    "complete": true
}
  &amp#27;[32mWhen &amp#27;[0m&amp#27;[32mbusca el pedido con id &amp#27;[0m&amp#27;[32m&amp#27;[1m"100"&amp#27;[0m                                              &amp#27;[90m# com.nttdata.glue.CrearUsuarioStepsDefs.buscaElPedidoConId(java.lang.String)&amp#27;[0m
  &amp#27;[32mThen &amp#27;[0m&amp#27;[32mel cÃ³digo de respuesta es &amp#27;[0m&amp#27;[32m&amp#27;[1m200&amp#27;[0m                                             &amp#27;[90m# com.nttdata.glue.CrearUsuarioStepsDefs.elCÃ³digoDeRespuestaEs(int)&amp#27;[0m
  &amp#27;[32mAnd &amp#27;[0m&amp#27;[32mel id del pedido es &amp#27;[0m&amp#27;[32m&amp#27;[1m"100"&amp#27;[0m                                                  &amp#27;[90m# com.nttdata.glue.CrearUsuarioStepsDefs.elIdDelPedidoEs(java.lang.String)&amp#27;[0m
  &amp#27;[32mAnd &amp#27;[0m&amp#27;[32mel Petid del pedido es &amp#27;[0m&amp#27;[32m&amp#27;[1m"123"&amp#27;[0m                                               &amp#27;[90m# com.nttdata.glue.CrearUsuarioStepsDefs.validarPetID(java.lang.String)&amp#27;[0m
  &amp#27;[32mAnd &amp#27;[0m&amp#27;[32mla cantidad del pedido es &amp#27;[0m&amp#27;[32m&amp#27;[1m"1"&amp#27;[0m                                              &amp#27;[90m# com.nttdata.glue.CrearUsuarioStepsDefs.validarQuantity(java.lang.String)&amp#27;[0m
00:52:02.808 [pool-2-thread-1] INFO  - 
  _____   ___   ___   _____     ___     _     ___   ___   ___   ___  
 |_   _| | __| / __| |_   _|   | _ \   /_\   / __| / __| | __| |   \ 
   | |   | _|  \__ \   | |     |  _/  / _ \  \__ \ \__ \ | _|  | |) |
   |_|   |___| |___/   |_|     |_|   /_/ \_\ |___/ |___/ |___| |___/ 

Buscar Pedido //GET
----------------------------------------------------------------------
]]></system-out>
  </testcase>
  <testcase name="Buscar Pedido //GET #2" classname="Crear y Buscar Pedidos de PetStore" time="0.552">
    <system-out><![CDATA[
@Feature @BuscarPedido
Scenario Outline: Buscar Pedido //GET                                            &amp#27;[90m# features/GET_POST.feature:37&amp#27;[0m
00:52:02.812 [pool-2-thread-1] INFO io.cucumber.core.plugin.SerenityReporter - Running feature from classpath:features/GET_POST.feature
  &amp#27;[32mGiven &amp#27;[0m&amp#27;[32mel usuario ingresa a la url &amp#27;[0m&amp#27;[32m&amp#27;[1m"https://petstore.swagger.io/v2/store/order"&amp#27;[0m &amp#27;[90m# com.nttdata.glue.CrearUsuarioStepsDefs.elUsuarioIngresaALaUrl(java.lang.String)&amp#27;[0m
Request method:	GET
Request URI:	https://petstore.swagger.io/v2/store/order/101
Proxy:			<none>
Request params:	<none>
Query params:	<none>
Form params:	<none>
Path params:	<none>
Headers:		Accept=*/*
				Content-Type=application/json; charset=UTF-8
Cookies:		<none>
Multiparts:		<none>
Body:			<none>
HTTP/1.1 200 OK
Date: Mon, 26 Aug 2024 05:52:02 GMT
Content-Type: application/json
Transfer-Encoding: chunked
Connection: keep-alive
Access-Control-Allow-Origin: *
Access-Control-Allow-Methods: GET, POST, DELETE, PUT
Access-Control-Allow-Headers: Content-Type, api_key, Authorization
Server: Jetty(9.2.9.v20150224)

{
    "id": 101,
    "petId": 456,
    "quantity": 2,
    "shipDate": "2021-08-25T00:00:00.000+0000",
    "status": "placed",
    "complete": true
}
  &amp#27;[32mWhen &amp#27;[0m&amp#27;[32mbusca el pedido con id &amp#27;[0m&amp#27;[32m&amp#27;[1m"101"&amp#27;[0m                                              &amp#27;[90m# com.nttdata.glue.CrearUsuarioStepsDefs.buscaElPedidoConId(java.lang.String)&amp#27;[0m
  &amp#27;[32mThen &amp#27;[0m&amp#27;[32mel cÃ³digo de respuesta es &amp#27;[0m&amp#27;[32m&amp#27;[1m200&amp#27;[0m                                             &amp#27;[90m# com.nttdata.glue.CrearUsuarioStepsDefs.elCÃ³digoDeRespuestaEs(int)&amp#27;[0m
  &amp#27;[32mAnd &amp#27;[0m&amp#27;[32mel id del pedido es &amp#27;[0m&amp#27;[32m&amp#27;[1m"101"&amp#27;[0m                                                  &amp#27;[90m# com.nttdata.glue.CrearUsuarioStepsDefs.elIdDelPedidoEs(java.lang.String)&amp#27;[0m
  &amp#27;[32mAnd &amp#27;[0m&amp#27;[32mel Petid del pedido es &amp#27;[0m&amp#27;[32m&amp#27;[1m"456"&amp#27;[0m                                               &amp#27;[90m# com.nttdata.glue.CrearUsuarioStepsDefs.validarPetID(java.lang.String)&amp#27;[0m
  &amp#27;[32mAnd &amp#27;[0m&amp#27;[32mla cantidad del pedido es &amp#27;[0m&amp#27;[32m&amp#27;[1m"2"&amp#27;[0m                                              &amp#27;[90m# com.nttdata.glue.CrearUsuarioStepsDefs.validarQuantity(java.lang.String)&amp#27;[0m
00:52:03.360 [pool-2-thread-1] INFO  - 
  _____   ___   ___   _____     ___     _     ___   ___   ___   ___  
 |_   _| | __| / __| |_   _|   | _ \   /_\   / __| / __| | __| |   \ 
   | |   | _|  \__ \   | |     |  _/  / _ \  \__ \ \__ \ | _|  | |) |
   |_|   |___| |___/   |_|     |_|   /_/ \_\ |___/ |___/ |___| |___/ 

Buscar Pedido //GET
----------------------------------------------------------------------
]]></system-out>
  </testcase>
  <testcase name="Buscar Pedido //GET #3" classname="Crear y Buscar Pedidos de PetStore" time="0.549">
    <system-out><![CDATA[
@Feature @BuscarPedido
Scenario Outline: Buscar Pedido //GET                                            &amp#27;[90m# features/GET_POST.feature:38&amp#27;[0m
00:52:03.364 [pool-2-thread-1] INFO io.cucumber.core.plugin.SerenityReporter - Running feature from classpath:features/GET_POST.feature
  &amp#27;[32mGiven &amp#27;[0m&amp#27;[32mel usuario ingresa a la url &amp#27;[0m&amp#27;[32m&amp#27;[1m"https://petstore.swagger.io/v2/store/order"&amp#27;[0m &amp#27;[90m# com.nttdata.glue.CrearUsuarioStepsDefs.elUsuarioIngresaALaUrl(java.lang.String)&amp#27;[0m
Request method:	GET
Request URI:	https://petstore.swagger.io/v2/store/order/102
Proxy:			<none>
Request params:	<none>
Query params:	<none>
Form params:	<none>
Path params:	<none>
Headers:		Accept=*/*
				Content-Type=application/json; charset=UTF-8
Cookies:		<none>
Multiparts:		<none>
Body:			<none>
HTTP/1.1 200 OK
Date: Mon, 26 Aug 2024 05:52:03 GMT
Content-Type: application/json
Transfer-Encoding: chunked
Connection: keep-alive
Access-Control-Allow-Origin: *
Access-Control-Allow-Methods: GET, POST, DELETE, PUT
Access-Control-Allow-Headers: Content-Type, api_key, Authorization
Server: Jetty(9.2.9.v20150224)

{
    "id": 102,
    "petId": 789,
    "quantity": 5,
    "shipDate": "2021-08-25T00:00:00.000+0000",
    "status": "placed",
    "complete": true
}
  &amp#27;[32mWhen &amp#27;[0m&amp#27;[32mbusca el pedido con id &amp#27;[0m&amp#27;[32m&amp#27;[1m"102"&amp#27;[0m                                              &amp#27;[90m# com.nttdata.glue.CrearUsuarioStepsDefs.buscaElPedidoConId(java.lang.String)&amp#27;[0m
  &amp#27;[32mThen &amp#27;[0m&amp#27;[32mel cÃ³digo de respuesta es &amp#27;[0m&amp#27;[32m&amp#27;[1m200&amp#27;[0m                                             &amp#27;[90m# com.nttdata.glue.CrearUsuarioStepsDefs.elCÃ³digoDeRespuestaEs(int)&amp#27;[0m
  &amp#27;[32mAnd &amp#27;[0m&amp#27;[32mel id del pedido es &amp#27;[0m&amp#27;[32m&amp#27;[1m"102"&amp#27;[0m                                                  &amp#27;[90m# com.nttdata.glue.CrearUsuarioStepsDefs.elIdDelPedidoEs(java.lang.String)&amp#27;[0m
  &amp#27;[32mAnd &amp#27;[0m&amp#27;[32mel Petid del pedido es &amp#27;[0m&amp#27;[32m&amp#27;[1m"789"&amp#27;[0m                                               &amp#27;[90m# com.nttdata.glue.CrearUsuarioStepsDefs.validarPetID(java.lang.String)&amp#27;[0m
  &amp#27;[32mAnd &amp#27;[0m&amp#27;[32mla cantidad del pedido es &amp#27;[0m&amp#27;[32m&amp#27;[1m"5"&amp#27;[0m                                              &amp#27;[90m# com.nttdata.glue.CrearUsuarioStepsDefs.validarQuantity(java.lang.String)&amp#27;[0m
]]></system-out>
  </testcase>
  <testcase name="Buscar Pedido //GET #4" classname="Crear y Buscar Pedidos de PetStore" time="0.595">
    <system-out><![CDATA[
@Feature @BuscarPedido
Scenario Outline: Buscar Pedido //GET                                            &amp#27;[90m# features/GET_POST.feature:39&amp#27;[0m
00:52:03.912 [pool-2-thread-1] INFO io.cucumber.core.plugin.SerenityReporter - Running feature from classpath:features/GET_POST.feature
  &amp#27;[32mGiven &amp#27;[0m&amp#27;[32mel usuario ingresa a la url &amp#27;[0m&amp#27;[32m&amp#27;[1m"https://petstore.swagger.io/v2/store/order"&amp#27;[0m &amp#27;[90m# com.nttdata.glue.CrearUsuarioStepsDefs.elUsuarioIngresaALaUrl(java.lang.String)&amp#27;[0m
Request method:	GET
Request URI:	https://petstore.swagger.io/v2/store/order/103
Proxy:			<none>
Request params:	<none>
Query params:	<none>
Form params:	<none>
Path params:	<none>
Headers:		Accept=*/*
				Content-Type=application/json; charset=UTF-8
Cookies:		<none>
Multiparts:		<none>
Body:			<none>
HTTP/1.1 200 OK
Date: Mon, 26 Aug 2024 05:52:04 GMT
Content-Type: application/json
Transfer-Encoding: chunked
Connection: keep-alive
Access-Control-Allow-Origin: *
Access-Control-Allow-Methods: GET, POST, DELETE, PUT
Access-Control-Allow-Headers: Content-Type, api_key, Authorization
Server: Jetty(9.2.9.v20150224)

{
    "id": 103,
    "petId": 111,
    "quantity": 8,
    "shipDate": "2021-08-25T00:00:00.000+0000",
    "status": "placed",
    "complete": true
}
  &amp#27;[32mWhen &amp#27;[0m&amp#27;[32mbusca el pedido con id &amp#27;[0m&amp#27;[32m&amp#27;[1m"103"&amp#27;[0m                                              &amp#27;[90m# com.nttdata.glue.CrearUsuarioStepsDefs.buscaElPedidoConId(java.lang.String)&amp#27;[0m
  &amp#27;[32mThen &amp#27;[0m&amp#27;[32mel cÃ³digo de respuesta es &amp#27;[0m&amp#27;[32m&amp#27;[1m200&amp#27;[0m                                             &amp#27;[90m# com.nttdata.glue.CrearUsuarioStepsDefs.elCÃ³digoDeRespuestaEs(int)&amp#27;[0m
  &amp#27;[32mAnd &amp#27;[0m&amp#27;[32mel id del pedido es &amp#27;[0m&amp#27;[32m&amp#27;[1m"103"&amp#27;[0m                                                  &amp#27;[90m# com.nttdata.glue.CrearUsuarioStepsDefs.elIdDelPedidoEs(java.lang.String)&amp#27;[0m
  &amp#27;[32mAnd &amp#27;[0m&amp#27;[32mel Petid del pedido es &amp#27;[0m&amp#27;[32m&amp#27;[1m"111"&amp#27;[0m                                               &amp#27;[90m# com.nttdata.glue.CrearUsuarioStepsDefs.validarPetID(java.lang.String)&amp#27;[0m
  &amp#27;[32mAnd &amp#27;[0m&amp#27;[32mla cantidad del pedido es &amp#27;[0m&amp#27;[32m&amp#27;[1m"8"&amp#27;[0m                                              &amp#27;[90m# com.nttdata.glue.CrearUsuarioStepsDefs.validarQuantity(java.lang.String)&amp#27;[0m
]]></system-out>
  </testcase>
  <testcase name="Buscar Pedido //GET #5" classname="Crear y Buscar Pedidos de PetStore" time="0.549">
    <system-out><![CDATA[
@Feature @BuscarPedido
Scenario Outline: Buscar Pedido //GET                                            &amp#27;[90m# features/GET_POST.feature:40&amp#27;[0m
00:52:04.508 [pool-2-thread-1] INFO io.cucumber.core.plugin.SerenityReporter - Running feature from classpath:features/GET_POST.feature
  &amp#27;[32mGiven &amp#27;[0m&amp#27;[32mel usuario ingresa a la url &amp#27;[0m&amp#27;[32m&amp#27;[1m"https://petstore.swagger.io/v2/store/order"&amp#27;[0m &amp#27;[90m# com.nttdata.glue.CrearUsuarioStepsDefs.elUsuarioIngresaALaUrl(java.lang.String)&amp#27;[0m
Request method:	GET
Request URI:	https://petstore.swagger.io/v2/store/order/104
Proxy:			<none>
Request params:	<none>
Query params:	<none>
Form params:	<none>
Path params:	<none>
Headers:		Accept=*/*
				Content-Type=application/json; charset=UTF-8
Cookies:		<none>
Multiparts:		<none>
Body:			<none>
HTTP/1.1 200 OK
Date: Mon, 26 Aug 2024 05:52:04 GMT
Content-Type: application/json
Transfer-Encoding: chunked
Connection: keep-alive
Access-Control-Allow-Origin: *
Access-Control-Allow-Methods: GET, POST, DELETE, PUT
Access-Control-Allow-Headers: Content-Type, api_key, Authorization
Server: Jetty(9.2.9.v20150224)

{
    "id": 104,
    "petId": 222,
    "quantity": 3,
    "shipDate": "2021-08-25T00:00:00.000+0000",
    "status": "placed",
    "complete": true
}
  &amp#27;[32mWhen &amp#27;[0m&amp#27;[32mbusca el pedido con id &amp#27;[0m&amp#27;[32m&amp#27;[1m"104"&amp#27;[0m                                              &amp#27;[90m# com.nttdata.glue.CrearUsuarioStepsDefs.buscaElPedidoConId(java.lang.String)&amp#27;[0m
  &amp#27;[32mThen &amp#27;[0m&amp#27;[32mel cÃ³digo de respuesta es &amp#27;[0m&amp#27;[32m&amp#27;[1m200&amp#27;[0m                                             &amp#27;[90m# com.nttdata.glue.CrearUsuarioStepsDefs.elCÃ³digoDeRespuestaEs(int)&amp#27;[0m
  &amp#27;[32mAnd &amp#27;[0m&amp#27;[32mel id del pedido es &amp#27;[0m&amp#27;[32m&amp#27;[1m"104"&amp#27;[0m                                                  &amp#27;[90m# com.nttdata.glue.CrearUsuarioStepsDefs.elIdDelPedidoEs(java.lang.String)&amp#27;[0m
  &amp#27;[32mAnd &amp#27;[0m&amp#27;[32mel Petid del pedido es &amp#27;[0m&amp#27;[32m&amp#27;[1m"222"&amp#27;[0m                                               &amp#27;[90m# com.nttdata.glue.CrearUsuarioStepsDefs.validarPetID(java.lang.String)&amp#27;[0m
  &amp#27;[32mAnd &amp#27;[0m&amp#27;[32mla cantidad del pedido es &amp#27;[0m&amp#27;[32m&amp#27;[1m"3"&amp#27;[0m                                              &amp#27;[90m# com.nttdata.glue.CrearUsuarioStepsDefs.validarQuantity(java.lang.String)&amp#27;[0m
]]></system-out>
  </testcase>
  <testcase name="Buscar Pedido //GET #6" classname="Crear y Buscar Pedidos de PetStore" time="0.537">
    <system-out><![CDATA[
@Feature @BuscarPedido
Scenario Outline: Buscar Pedido //GET                                            &amp#27;[90m# features/GET_POST.feature:41&amp#27;[0m
00:52:05.056 [pool-2-thread-1] INFO io.cucumber.core.plugin.SerenityReporter - Running feature from classpath:features/GET_POST.feature
  &amp#27;[32mGiven &amp#27;[0m&amp#27;[32mel usuario ingresa a la url &amp#27;[0m&amp#27;[32m&amp#27;[1m"https://petstore.swagger.io/v2/store/order"&amp#27;[0m &amp#27;[90m# com.nttdata.glue.CrearUsuarioStepsDefs.elUsuarioIngresaALaUrl(java.lang.String)&amp#27;[0m
Request method:	GET
Request URI:	https://petstore.swagger.io/v2/store/order/105
Proxy:			<none>
Request params:	<none>
Query params:	<none>
Form params:	<none>
Path params:	<none>
Headers:		Accept=*/*
				Content-Type=application/json; charset=UTF-8
Cookies:		<none>
Multiparts:		<none>
Body:			<none>
HTTP/1.1 200 OK
Date: Mon, 26 Aug 2024 05:52:05 GMT
Content-Type: application/json
Transfer-Encoding: chunked
Connection: keep-alive
Access-Control-Allow-Origin: *
Access-Control-Allow-Methods: GET, POST, DELETE, PUT
Access-Control-Allow-Headers: Content-Type, api_key, Authorization
Server: Jetty(9.2.9.v20150224)

{
    "id": 105,
    "petId": 222,
    "quantity": 3,
    "shipDate": "2021-08-25T00:00:00.000+0000",
    "status": "placed",
    "complete": true
}
  &amp#27;[32mWhen &amp#27;[0m&amp#27;[32mbusca el pedido con id &amp#27;[0m&amp#27;[32m&amp#27;[1m"105"&amp#27;[0m                                              &amp#27;[90m# com.nttdata.glue.CrearUsuarioStepsDefs.buscaElPedidoConId(java.lang.String)&amp#27;[0m
  &amp#27;[32mThen &amp#27;[0m&amp#27;[32mel cÃ³digo de respuesta es &amp#27;[0m&amp#27;[32m&amp#27;[1m200&amp#27;[0m                                             &amp#27;[90m# com.nttdata.glue.CrearUsuarioStepsDefs.elCÃ³digoDeRespuestaEs(int)&amp#27;[0m
  &amp#27;[32mAnd &amp#27;[0m&amp#27;[32mel id del pedido es &amp#27;[0m&amp#27;[32m&amp#27;[1m"105"&amp#27;[0m                                                  &amp#27;[90m# com.nttdata.glue.CrearUsuarioStepsDefs.elIdDelPedidoEs(java.lang.String)&amp#27;[0m
  &amp#27;[32mAnd &amp#27;[0m&amp#27;[32mel Petid del pedido es &amp#27;[0m&amp#27;[32m&amp#27;[1m"222"&amp#27;[0m                                               &amp#27;[90m# com.nttdata.glue.CrearUsuarioStepsDefs.validarPetID(java.lang.String)&amp#27;[0m
  &amp#27;[32mAnd &amp#27;[0m&amp#27;[32mla cantidad del pedido es &amp#27;[0m&amp#27;[32m&amp#27;[1m"3"&amp#27;[0m                                              &amp#27;[90m# com.nttdata.glue.CrearUsuarioStepsDefs.validarQuantity(java.lang.String)&amp#27;[0m
]]></system-out>
  </testcase>
</testsuite>